{"C:\\Users\\intel\\CascadeProjects\\thai-official-prep-api\\src\\app.controller.ts": {"path":"C:\\Users\\intel\\CascadeProjects\\thai-official-prep-api\\src\\app.controller.ts","statementMap":{"0":{"start":{"line":1,"column":0},"end":{"line":1,"column":49}},"1":{"start":{"line":2,"column":0},"end":{"line":2,"column":43}},"2":{"start":{"line":5,"column":7},"end":{"line":12,"column":null}},"3":{"start":{"line":6,"column":31},"end":{"line":6,"column":43}},"4":{"start":{"line":10,"column":4},"end":{"line":10,"column":38}},"5":{"start":{"line":5,"column":13},"end":{"line":5,"column":26}},"6":{"start":{"line":9,"column":2},"end":{"line":11,"column":null}},"7":{"start":{"line":5,"column":13},"end":{"line":12,"column":null}}},"fnMap":{"0":{"name":"(anonymous_2)","decl":{"start":{"line":6,"column":2},"end":{"line":6,"column":31}},"loc":{"start":{"line":6,"column":53},"end":{"line":6,"column":57}}},"1":{"name":"(anonymous_3)","decl":{"start":{"line":9,"column":2},"end":{"line":9,"column":10}},"loc":{"start":{"line":9,"column":10},"end":{"line":11,"column":3}}}},"branchMap":{},"s":{"0":0,"1":0,"2":0,"3":0,"4":0,"5":0,"6":0,"7":0},"f":{"0":0,"1":0},"b":{}}
,"C:\\Users\\intel\\CascadeProjects\\thai-official-prep-api\\src\\app.module.ts": {"path":"C:\\Users\\intel\\CascadeProjects\\thai-official-prep-api\\src\\app.module.ts","statementMap":{"0":{"start":{"line":1,"column":0},"end":{"line":1,"column":40}},"1":{"start":{"line":2,"column":0},"end":{"line":2,"column":46}},"2":{"start":{"line":3,"column":0},"end":{"line":3,"column":41}},"3":{"start":{"line":5,"column":0},"end":{"line":5,"column":75}},"4":{"start":{"line":6,"column":0},"end":{"line":6,"column":60}},"5":{"start":{"line":7,"column":0},"end":{"line":7,"column":51}},"6":{"start":{"line":8,"column":0},"end":{"line":8,"column":48}},"7":{"start":{"line":9,"column":0},"end":{"line":9,"column":54}},"8":{"start":{"line":10,"column":0},"end":{"line":10,"column":63}},"9":{"start":{"line":11,"column":0},"end":{"line":11,"column":63}},"10":{"start":{"line":12,"column":0},"end":{"line":12,"column":75}},"11":{"start":{"line":13,"column":0},"end":{"line":13,"column":51}},"12":{"start":{"line":31,"column":7},"end":{"line":31,"column":null}},"13":{"start":{"line":31,"column":13},"end":{"line":31,"column":22}},"14":{"start":{"line":31,"column":13},"end":{"line":31,"column":null}}},"fnMap":{},"branchMap":{},"s":{"0":0,"1":0,"2":0,"3":0,"4":0,"5":0,"6":0,"7":0,"8":0,"9":0,"10":0,"11":0,"12":0,"13":0,"14":0},"f":{},"b":{}}
,"C:\\Users\\intel\\CascadeProjects\\thai-official-prep-api\\src\\app.service.ts": {"path":"C:\\Users\\intel\\CascadeProjects\\thai-official-prep-api\\src\\app.service.ts","statementMap":{"0":{"start":{"line":1,"column":0},"end":{"line":1,"column":44}},"1":{"start":{"line":4,"column":7},"end":{"line":8,"column":null}},"2":{"start":{"line":6,"column":4},"end":{"line":6,"column":26}},"3":{"start":{"line":4,"column":13},"end":{"line":4,"column":23}},"4":{"start":{"line":4,"column":13},"end":{"line":8,"column":null}}},"fnMap":{"0":{"name":"(anonymous_1)","decl":{"start":{"line":5,"column":2},"end":{"line":5,"column":10}},"loc":{"start":{"line":5,"column":10},"end":{"line":7,"column":3}}}},"branchMap":{},"s":{"0":0,"1":0,"2":0,"3":0,"4":0},"f":{"0":0},"b":{}}
,"C:\\Users\\intel\\CascadeProjects\\thai-official-prep-api\\src\\main.ts": {"path":"C:\\Users\\intel\\CascadeProjects\\thai-official-prep-api\\src\\main.ts","statementMap":{"0":{"start":{"line":1,"column":0},"end":{"line":1,"column":60}},"1":{"start":{"line":2,"column":0},"end":{"line":2,"column":41}},"2":{"start":{"line":3,"column":0},"end":{"line":3,"column":48}},"3":{"start":{"line":4,"column":0},"end":{"line":4,"column":56}},"4":{"start":{"line":5,"column":0},"end":{"line":5,"column":77}},"5":{"start":{"line":6,"column":0},"end":{"line":6,"column":65}},"6":{"start":{"line":7,"column":0},"end":{"line":7,"column":46}},"7":{"start":{"line":10,"column":14},"end":{"line":10,"column":49}},"8":{"start":{"line":13,"column":26},"end":{"line":13,"column":50}},"9":{"start":{"line":14,"column":2},"end":{"line":14,"column":65}},"10":{"start":{"line":17,"column":24},"end":{"line":17,"column":46}},"11":{"start":{"line":18,"column":2},"end":{"line":18,"column":47}},"12":{"start":{"line":20,"column":2},"end":{"line":20,"column":32}},"13":{"start":{"line":21,"column":2},"end":{"line":21,"column":26}},"14":{"start":{"line":22,"column":2},"end":{"line":22,"column":79}},"15":{"start":{"line":25,"column":2},"end":{"line":34,"column":3}},"16":{"start":{"line":26,"column":19},"end":{"line":31,"column":14}},"17":{"start":{"line":32,"column":21},"end":{"line":32,"column":62}},"18":{"start":{"line":33,"column":4},"end":{"line":33,"column":51}},"19":{"start":{"line":36,"column":2},"end":{"line":36,"column":45}},"20":{"start":{"line":38,"column":0},"end":{"line":38,"column":12}}},"fnMap":{"0":{"name":"bootstrap","decl":{"start":{"line":9,"column":15},"end":{"line":9,"column":24}},"loc":{"start":{"line":9,"column":24},"end":{"line":37,"column":1}}}},"branchMap":{"0":{"loc":{"start":{"line":25,"column":2},"end":{"line":34,"column":3}},"type":"if","locations":[{"start":{"line":25,"column":2},"end":{"line":34,"column":3}}]},"1":{"loc":{"start":{"line":36,"column":19},"end":{"line":36,"column":43}},"type":"binary-expr","locations":[{"start":{"line":36,"column":19},"end":{"line":36,"column":35}},{"start":{"line":36,"column":39},"end":{"line":36,"column":43}}]}},"s":{"0":0,"1":0,"2":0,"3":0,"4":0,"5":0,"6":0,"7":0,"8":0,"9":0,"10":0,"11":0,"12":0,"13":0,"14":0,"15":0,"16":0,"17":0,"18":0,"19":0,"20":0},"f":{"0":0},"b":{"0":[0],"1":[0,0]}}
,"C:\\Users\\intel\\CascadeProjects\\thai-official-prep-api\\src\\announcements\\announcements.controller.ts": {"path":"C:\\Users\\intel\\CascadeProjects\\thai-official-prep-api\\src\\announcements\\announcements.controller.ts","statementMap":{"0":{"start":{"line":1,"column":0},"end":{"line":1,"column":113}},"1":{"start":{"line":2,"column":0},"end":{"line":2,"column":63}},"2":{"start":{"line":3,"column":0},"end":{"line":3,"column":70}},"3":{"start":{"line":4,"column":0},"end":{"line":4,"column":70}},"4":{"start":{"line":5,"column":0},"end":{"line":5,"column":58}},"5":{"start":{"line":6,"column":0},"end":{"line":6,"column":61}},"6":{"start":{"line":7,"column":0},"end":{"line":7,"column":38}},"7":{"start":{"line":8,"column":0},"end":{"line":8,"column":56}},"8":{"start":{"line":12,"column":7},"end":{"line":51,"column":null}},"9":{"start":{"line":13,"column":31},"end":{"line":13,"column":53}},"10":{"start":{"line":18,"column":4},"end":{"line":18,"column":47}},"11":{"start":{"line":24,"column":25},"end":{"line":24,"column":68}},"12":{"start":{"line":25,"column":4},"end":{"line":27,"column":5}},"13":{"start":{"line":26,"column":6},"end":{"line":26,"column":74}},"14":{"start":{"line":28,"column":4},"end":{"line":28,"column":24}},"15":{"start":{"line":37,"column":4},"end":{"line":37,"column":77}},"16":{"start":{"line":43,"column":4},"end":{"line":43,"column":71}},"17":{"start":{"line":49,"column":4},"end":{"line":49,"column":48}},"18":{"start":{"line":12,"column":13},"end":{"line":12,"column":36}},"19":{"start":{"line":17,"column":2},"end":{"line":19,"column":null}},"20":{"start":{"line":23,"column":8},"end":{"line":29,"column":null}},"21":{"start":{"line":33,"column":2},"end":{"line":38,"column":null}},"22":{"start":{"line":42,"column":2},"end":{"line":44,"column":null}},"23":{"start":{"line":48,"column":2},"end":{"line":50,"column":null}},"24":{"start":{"line":12,"column":13},"end":{"line":51,"column":null}}},"fnMap":{"0":{"name":"(anonymous_4)","decl":{"start":{"line":13,"column":2},"end":{"line":13,"column":31}},"loc":{"start":{"line":13,"column":73},"end":{"line":13,"column":77}}},"1":{"name":"(anonymous_5)","decl":{"start":{"line":17,"column":2},"end":{"line":17,"column":9}},"loc":{"start":{"line":17,"column":9},"end":{"line":19,"column":3}}},"2":{"name":"(anonymous_6)","decl":{"start":{"line":23,"column":2},"end":{"line":23,"column":7}},"loc":{"start":{"line":23,"column":39},"end":{"line":29,"column":3}}},"3":{"name":"(anonymous_7)","decl":{"start":{"line":33,"column":2},"end":{"line":33,"column":8}},"loc":{"start":{"line":35,"column":56},"end":{"line":38,"column":3}}},"4":{"name":"(anonymous_8)","decl":{"start":{"line":42,"column":2},"end":{"line":42,"column":8}},"loc":{"start":{"line":42,"column":86},"end":{"line":44,"column":3}}},"5":{"name":"(anonymous_9)","decl":{"start":{"line":48,"column":2},"end":{"line":48,"column":8}},"loc":{"start":{"line":48,"column":32},"end":{"line":50,"column":3}}}},"branchMap":{"0":{"loc":{"start":{"line":25,"column":4},"end":{"line":27,"column":5}},"type":"if","locations":[{"start":{"line":25,"column":4},"end":{"line":27,"column":5}}]}},"s":{"0":1,"1":1,"2":1,"3":1,"4":1,"5":1,"6":1,"7":1,"8":1,"9":6,"10":1,"11":1,"12":1,"13":0,"14":1,"15":1,"16":1,"17":1,"18":1,"19":1,"20":1,"21":1,"22":1,"23":1,"24":1},"f":{"0":6,"1":1,"2":1,"3":1,"4":1,"5":1},"b":{"0":[0]}}
,"C:\\Users\\intel\\CascadeProjects\\thai-official-prep-api\\src\\announcements\\announcements.module.ts": {"path":"C:\\Users\\intel\\CascadeProjects\\thai-official-prep-api\\src\\announcements\\announcements.module.ts","statementMap":{"0":{"start":{"line":1,"column":0},"end":{"line":1,"column":40}},"1":{"start":{"line":2,"column":0},"end":{"line":2,"column":63}},"2":{"start":{"line":3,"column":0},"end":{"line":3,"column":69}},"3":{"start":{"line":4,"column":0},"end":{"line":4,"column":57}},"4":{"start":{"line":10,"column":7},"end":{"line":10,"column":null}},"5":{"start":{"line":10,"column":13},"end":{"line":10,"column":32}},"6":{"start":{"line":10,"column":13},"end":{"line":10,"column":null}}},"fnMap":{},"branchMap":{},"s":{"0":0,"1":0,"2":0,"3":0,"4":0,"5":0,"6":0},"f":{},"b":{}}
,"C:\\Users\\intel\\CascadeProjects\\thai-official-prep-api\\src\\announcements\\announcements.service.ts": {"path":"C:\\Users\\intel\\CascadeProjects\\thai-official-prep-api\\src\\announcements\\announcements.service.ts","statementMap":{"0":{"start":{"line":1,"column":0},"end":{"line":1,"column":null}},"1":{"start":{"line":8,"column":0},"end":{"line":8,"column":57}},"2":{"start":{"line":9,"column":0},"end":{"line":9,"column":40}},"3":{"start":{"line":12,"column":7},"end":{"line":82,"column":null}},"4":{"start":{"line":13,"column":22},"end":{"line":13,"column":30}},"5":{"start":{"line":16,"column":4},"end":{"line":16,"column":81}},"6":{"start":{"line":20,"column":25},"end":{"line":22,"column":6}},"7":{"start":{"line":23,"column":4},"end":{"line":25,"column":5}},"8":{"start":{"line":24,"column":6},"end":{"line":24,"column":75}},"9":{"start":{"line":26,"column":4},"end":{"line":26,"column":24}},"10":{"start":{"line":30,"column":31},"end":{"line":30,"column":52}},"11":{"start":{"line":31,"column":4},"end":{"line":48,"column":5}},"12":{"start":{"line":32,"column":6},"end":{"line":38,"column":9}},"13":{"start":{"line":40,"column":6},"end":{"line":46,"column":7}},"14":{"start":{"line":41,"column":8},"end":{"line":45,"column":9}},"15":{"start":{"line":42,"column":10},"end":{"line":44,"column":12}},"16":{"start":{"line":47,"column":6},"end":{"line":47,"column":18}},"17":{"start":{"line":52,"column":31},"end":{"line":52,"column":52}},"18":{"start":{"line":53,"column":4},"end":{"line":65,"column":5}},"19":{"start":{"line":54,"column":6},"end":{"line":57,"column":9}},"20":{"start":{"line":59,"column":6},"end":{"line":63,"column":7}},"21":{"start":{"line":60,"column":8},"end":{"line":62,"column":9}},"22":{"start":{"line":61,"column":10},"end":{"line":61,"column":79}},"23":{"start":{"line":64,"column":6},"end":{"line":64,"column":18}},"24":{"start":{"line":69,"column":4},"end":{"line":80,"column":5}},"25":{"start":{"line":70,"column":6},"end":{"line":72,"column":9}},"26":{"start":{"line":74,"column":6},"end":{"line":78,"column":7}},"27":{"start":{"line":75,"column":8},"end":{"line":77,"column":9}},"28":{"start":{"line":76,"column":10},"end":{"line":76,"column":79}},"29":{"start":{"line":79,"column":6},"end":{"line":79,"column":18}},"30":{"start":{"line":12,"column":13},"end":{"line":12,"column":33}},"31":{"start":{"line":12,"column":13},"end":{"line":82,"column":null}}},"fnMap":{"0":{"name":"(anonymous_2)","decl":{"start":{"line":13,"column":2},"end":{"line":13,"column":22}},"loc":{"start":{"line":13,"column":43},"end":{"line":13,"column":47}}},"1":{"name":"(anonymous_3)","decl":{"start":{"line":15,"column":2},"end":{"line":15,"column":9}},"loc":{"start":{"line":15,"column":9},"end":{"line":17,"column":3}}},"2":{"name":"(anonymous_4)","decl":{"start":{"line":19,"column":2},"end":{"line":19,"column":7}},"loc":{"start":{"line":19,"column":26},"end":{"line":27,"column":3}}},"3":{"name":"(anonymous_5)","decl":{"start":{"line":29,"column":2},"end":{"line":29,"column":7}},"loc":{"start":{"line":29,"column":77},"end":{"line":49,"column":3}}},"4":{"name":"(anonymous_6)","decl":{"start":{"line":51,"column":2},"end":{"line":51,"column":7}},"loc":{"start":{"line":51,"column":71},"end":{"line":66,"column":3}}},"5":{"name":"(anonymous_7)","decl":{"start":{"line":68,"column":2},"end":{"line":68,"column":7}},"loc":{"start":{"line":68,"column":25},"end":{"line":81,"column":3}}}},"branchMap":{"0":{"loc":{"start":{"line":23,"column":4},"end":{"line":25,"column":5}},"type":"if","locations":[{"start":{"line":23,"column":4},"end":{"line":25,"column":5}}]},"1":{"loc":{"start":{"line":40,"column":6},"end":{"line":46,"column":7}},"type":"if","locations":[{"start":{"line":40,"column":6},"end":{"line":46,"column":7}}]},"2":{"loc":{"start":{"line":41,"column":8},"end":{"line":45,"column":9}},"type":"if","locations":[{"start":{"line":41,"column":8},"end":{"line":45,"column":9}}]},"3":{"loc":{"start":{"line":59,"column":6},"end":{"line":63,"column":7}},"type":"if","locations":[{"start":{"line":59,"column":6},"end":{"line":63,"column":7}}]},"4":{"loc":{"start":{"line":60,"column":8},"end":{"line":62,"column":9}},"type":"if","locations":[{"start":{"line":60,"column":8},"end":{"line":62,"column":9}}]},"5":{"loc":{"start":{"line":74,"column":6},"end":{"line":78,"column":7}},"type":"if","locations":[{"start":{"line":74,"column":6},"end":{"line":78,"column":7}}]},"6":{"loc":{"start":{"line":75,"column":8},"end":{"line":77,"column":9}},"type":"if","locations":[{"start":{"line":75,"column":8},"end":{"line":77,"column":9}}]}},"s":{"0":2,"1":2,"2":2,"3":2,"4":10,"5":1,"6":2,"7":2,"8":1,"9":1,"10":2,"11":2,"12":2,"13":1,"14":1,"15":1,"16":0,"17":2,"18":2,"19":2,"20":1,"21":1,"22":1,"23":0,"24":2,"25":2,"26":1,"27":1,"28":1,"29":0,"30":2,"31":2},"f":{"0":10,"1":1,"2":2,"3":2,"4":2,"5":2},"b":{"0":[1],"1":[1],"2":[1],"3":[1],"4":[1],"5":[1],"6":[1]}}
,"C:\\Users\\intel\\CascadeProjects\\thai-official-prep-api\\src\\announcements\\dto\\create-announcement.dto.ts": {"path":"C:\\Users\\intel\\CascadeProjects\\thai-official-prep-api\\src\\announcements\\dto\\create-announcement.dto.ts","statementMap":{"0":{"start":{"line":1,"column":0},"end":{"line":1,"column":46}},"1":{"start":{"line":2,"column":0},"end":{"line":2,"column":55}},"2":{"start":{"line":4,"column":0},"end":{"line":4,"column":13}},"3":{"start":{"line":8,"column":2},"end":{"line":8,"column":null}},"4":{"start":{"line":13,"column":2},"end":{"line":13,"column":null}}},"fnMap":{},"branchMap":{},"s":{"0":1,"1":1,"2":1,"3":1,"4":1},"f":{},"b":{}}
,"C:\\Users\\intel\\CascadeProjects\\thai-official-prep-api\\src\\announcements\\dto\\update-announcement.dto.ts": {"path":"C:\\Users\\intel\\CascadeProjects\\thai-official-prep-api\\src\\announcements\\dto\\update-announcement.dto.ts","statementMap":{"0":{"start":{"line":1,"column":0},"end":{"line":1,"column":46}},"1":{"start":{"line":2,"column":0},"end":{"line":2,"column":66}},"2":{"start":{"line":4,"column":0},"end":{"line":4,"column":13}}},"fnMap":{},"branchMap":{},"s":{"0":1,"1":1,"2":1},"f":{},"b":{}}
,"C:\\Users\\intel\\CascadeProjects\\thai-official-prep-api\\src\\auth\\auth.controller.ts": {"path":"C:\\Users\\intel\\CascadeProjects\\thai-official-prep-api\\src\\auth\\auth.controller.ts","statementMap":{"0":{"start":{"line":1,"column":0},"end":{"line":1,"column":104}},"1":{"start":{"line":2,"column":0},"end":{"line":2,"column":45}},"2":{"start":{"line":3,"column":0},"end":{"line":3,"column":58}},"3":{"start":{"line":4,"column":0},"end":{"line":4,"column":52}},"4":{"start":{"line":5,"column":0},"end":{"line":5,"column":52}},"5":{"start":{"line":6,"column":0},"end":{"line":6,"column":80}},"6":{"start":{"line":8,"column":0},"end":{"line":8,"column":99}},"7":{"start":{"line":10,"column":0},"end":{"line":10,"column":47}},"8":{"start":{"line":14,"column":7},"end":{"line":108,"column":null}},"9":{"start":{"line":16,"column":21},"end":{"line":16,"column":34}},"10":{"start":{"line":17,"column":21},"end":{"line":17,"column":36}},"11":{"start":{"line":21,"column":4},"end":{"line":26,"column":7}},"12":{"start":{"line":40,"column":22},"end":{"line":40,"column":47}},"13":{"start":{"line":41,"column":15},"end":{"line":41,"column":21}},"14":{"start":{"line":42,"column":19},"end":{"line":42,"column":82}},"15":{"start":{"line":43,"column":4},"end":{"line":43,"column":58}},"16":{"start":{"line":44,"column":4},"end":{"line":44,"column":49}},"17":{"start":{"line":58,"column":22},"end":{"line":58,"column":47}},"18":{"start":{"line":59,"column":15},"end":{"line":59,"column":21}},"19":{"start":{"line":60,"column":19},"end":{"line":60,"column":76}},"20":{"start":{"line":61,"column":4},"end":{"line":61,"column":58}},"21":{"start":{"line":62,"column":4},"end":{"line":62,"column":49}},"22":{"start":{"line":75,"column":4},"end":{"line":75,"column":39}},"23":{"start":{"line":76,"column":4},"end":{"line":76,"column":37}},"24":{"start":{"line":93,"column":22},"end":{"line":93,"column":47}},"25":{"start":{"line":94,"column":15},"end":{"line":94,"column":21}},"26":{"start":{"line":95,"column":19},"end":{"line":95,"column":88}},"27":{"start":{"line":96,"column":4},"end":{"line":96,"column":58}},"28":{"start":{"line":97,"column":4},"end":{"line":97,"column":49}},"29":{"start":{"line":106,"column":4},"end":{"line":106,"column":47}},"30":{"start":{"line":14,"column":13},"end":{"line":14,"column":27}},"31":{"start":{"line":35,"column":8},"end":{"line":45,"column":null}},"32":{"start":{"line":53,"column":8},"end":{"line":63,"column":null}},"33":{"start":{"line":71,"column":8},"end":{"line":77,"column":null}},"34":{"start":{"line":87,"column":8},"end":{"line":98,"column":null}},"35":{"start":{"line":105,"column":2},"end":{"line":107,"column":null}},"36":{"start":{"line":14,"column":13},"end":{"line":108,"column":null}}},"fnMap":{"0":{"name":"(anonymous_4)","decl":{"start":{"line":15,"column":2},"end":{"line":15,"column":null}},"loc":{"start":{"line":17,"column":49},"end":{"line":18,"column":6}}},"1":{"name":"(anonymous_5)","decl":{"start":{"line":20,"column":10},"end":{"line":20,"column":31}},"loc":{"start":{"line":20,"column":67},"end":{"line":27,"column":3}}},"2":{"name":"(anonymous_6)","decl":{"start":{"line":35,"column":2},"end":{"line":35,"column":7}},"loc":{"start":{"line":38,"column":23},"end":{"line":45,"column":3}}},"3":{"name":"(anonymous_7)","decl":{"start":{"line":53,"column":2},"end":{"line":53,"column":7}},"loc":{"start":{"line":56,"column":23},"end":{"line":63,"column":3}}},"4":{"name":"(anonymous_8)","decl":{"start":{"line":71,"column":2},"end":{"line":71,"column":7}},"loc":{"start":{"line":73,"column":45},"end":{"line":77,"column":3}}},"5":{"name":"(anonymous_9)","decl":{"start":{"line":87,"column":2},"end":{"line":87,"column":7}},"loc":{"start":{"line":91,"column":23},"end":{"line":98,"column":3}}},"6":{"name":"(anonymous_10)","decl":{"start":{"line":105,"column":2},"end":{"line":105,"column":12}},"loc":{"start":{"line":105,"column":47},"end":{"line":107,"column":3}}}},"branchMap":{},"s":{"0":0,"1":0,"2":0,"3":0,"4":0,"5":0,"6":0,"7":0,"8":0,"9":0,"10":0,"11":0,"12":0,"13":0,"14":0,"15":0,"16":0,"17":0,"18":0,"19":0,"20":0,"21":0,"22":0,"23":0,"24":0,"25":0,"26":0,"27":0,"28":0,"29":0,"30":0,"31":0,"32":0,"33":0,"34":0,"35":0,"36":0},"f":{"0":0,"1":0,"2":0,"3":0,"4":0,"5":0,"6":0},"b":{}}
,"C:\\Users\\intel\\CascadeProjects\\thai-official-prep-api\\src\\auth\\auth.guard.ts": {"path":"C:\\Users\\intel\\CascadeProjects\\thai-official-prep-api\\src\\auth\\auth.guard.ts","statementMap":{"0":{"start":{"line":1,"column":0},"end":{"line":1,"column":98}},"1":{"start":{"line":2,"column":0},"end":{"line":2,"column":41}},"2":{"start":{"line":6,"column":7},"end":{"line":33,"column":null}},"3":{"start":{"line":7,"column":22},"end":{"line":7,"column":34}},"4":{"start":{"line":10,"column":20},"end":{"line":10,"column":55}},"5":{"start":{"line":11,"column":18},"end":{"line":11,"column":54}},"6":{"start":{"line":12,"column":4},"end":{"line":14,"column":5}},"7":{"start":{"line":13,"column":6},"end":{"line":13,"column":40}},"8":{"start":{"line":15,"column":4},"end":{"line":25,"column":5}},"9":{"start":{"line":16,"column":22},"end":{"line":19,"column":8}},"10":{"start":{"line":22,"column":6},"end":{"line":22,"column":32}},"11":{"start":{"line":24,"column":6},"end":{"line":24,"column":40}},"12":{"start":{"line":26,"column":4},"end":{"line":26,"column":16}},"13":{"start":{"line":30,"column":26},"end":{"line":30,"column":73}},"14":{"start":{"line":31,"column":4},"end":{"line":31,"column":49}},"15":{"start":{"line":6,"column":13},"end":{"line":6,"column":22}},"16":{"start":{"line":6,"column":13},"end":{"line":33,"column":null}}},"fnMap":{"0":{"name":"(anonymous_2)","decl":{"start":{"line":7,"column":2},"end":{"line":7,"column":22}},"loc":{"start":{"line":7,"column":44},"end":{"line":7,"column":48}}},"1":{"name":"(anonymous_3)","decl":{"start":{"line":9,"column":2},"end":{"line":9,"column":7}},"loc":{"start":{"line":9,"column":45},"end":{"line":27,"column":3}}},"2":{"name":"(anonymous_4)","decl":{"start":{"line":29,"column":10},"end":{"line":29,"column":32}},"loc":{"start":{"line":29,"column":49},"end":{"line":32,"column":3}}}},"branchMap":{"0":{"loc":{"start":{"line":12,"column":4},"end":{"line":14,"column":5}},"type":"if","locations":[{"start":{"line":12,"column":4},"end":{"line":14,"column":5}}]},"1":{"loc":{"start":{"line":18,"column":16},"end":{"line":18,"column":67}},"type":"binary-expr","locations":[{"start":{"line":18,"column":16},"end":{"line":18,"column":38}},{"start":{"line":18,"column":42},"end":{"line":18,"column":67}}]},"2":{"loc":{"start":{"line":30,"column":26},"end":{"line":30,"column":73}},"type":"binary-expr","locations":[{"start":{"line":30,"column":26},"end":{"line":30,"column":67}},{"start":{"line":30,"column":71},"end":{"line":30,"column":73}}]},"3":{"loc":{"start":{"line":31,"column":11},"end":{"line":31,"column":48}},"type":"cond-expr","locations":[{"start":{"line":31,"column":31},"end":{"line":31,"column":36}},{"start":{"line":31,"column":39},"end":{"line":31,"column":48}}]}},"s":{"0":0,"1":0,"2":0,"3":0,"4":0,"5":0,"6":0,"7":0,"8":0,"9":0,"10":0,"11":0,"12":0,"13":0,"14":0,"15":0,"16":0},"f":{"0":0,"1":0,"2":0},"b":{"0":[0],"1":[0,0],"2":[0,0],"3":[0,0]}}
,"C:\\Users\\intel\\CascadeProjects\\thai-official-prep-api\\src\\auth\\auth.module.ts": {"path":"C:\\Users\\intel\\CascadeProjects\\thai-official-prep-api\\src\\auth\\auth.module.ts","statementMap":{"0":{"start":{"line":1,"column":0},"end":{"line":1,"column":40}},"1":{"start":{"line":2,"column":0},"end":{"line":2,"column":45}},"2":{"start":{"line":3,"column":0},"end":{"line":3,"column":51}},"3":{"start":{"line":4,"column":0},"end":{"line":4,"column":40}},"4":{"start":{"line":5,"column":0},"end":{"line":5,"column":55}},"5":{"start":{"line":6,"column":0},"end":{"line":6,"column":46}},"6":{"start":{"line":7,"column":0},"end":{"line":7,"column":50}},"7":{"start":{"line":8,"column":0},"end":{"line":8,"column":54}},"8":{"start":{"line":9,"column":0},"end":{"line":9,"column":54}},"9":{"start":{"line":22,"column":7},"end":{"line":22,"column":null}},"10":{"start":{"line":22,"column":13},"end":{"line":22,"column":23}},"11":{"start":{"line":22,"column":13},"end":{"line":22,"column":null}}},"fnMap":{},"branchMap":{},"s":{"0":0,"1":0,"2":0,"3":0,"4":0,"5":0,"6":0,"7":0,"8":0,"9":0,"10":0,"11":0},"f":{},"b":{}}
,"C:\\Users\\intel\\CascadeProjects\\thai-official-prep-api\\src\\auth\\auth.service.ts": {"path":"C:\\Users\\intel\\CascadeProjects\\thai-official-prep-api\\src\\auth\\auth.service.ts","statementMap":{"0":{"start":{"line":1,"column":0},"end":{"line":1,"column":114}},"1":{"start":{"line":2,"column":0},"end":{"line":2,"column":41}},"2":{"start":{"line":3,"column":0},"end":{"line":3,"column":33}},"3":{"start":{"line":4,"column":0},"end":{"line":4,"column":33}},"4":{"start":{"line":5,"column":0},"end":{"line":5,"column":57}},"5":{"start":{"line":6,"column":0},"end":{"line":6,"column":47}},"6":{"start":{"line":7,"column":0},"end":{"line":7,"column":44}},"7":{"start":{"line":10,"column":0},"end":{"line":10,"column":20}},"8":{"start":{"line":19,"column":24},"end":{"line":188,"column":null}},"9":{"start":{"line":23,"column":21},"end":{"line":23,"column":29}},"10":{"start":{"line":24,"column":21},"end":{"line":24,"column":33}},"11":{"start":{"line":25,"column":21},"end":{"line":25,"column":36}},"12":{"start":{"line":20,"column":19},"end":{"line":20,"column":57}},"13":{"start":{"line":29,"column":32},"end":{"line":29,"column":47}},"14":{"start":{"line":31,"column":25},"end":{"line":31,"column":80}},"15":{"start":{"line":32,"column":4},"end":{"line":34,"column":5}},"16":{"start":{"line":33,"column":6},"end":{"line":33,"column":58}},"17":{"start":{"line":36,"column":27},"end":{"line":36,"column":56}},"18":{"start":{"line":38,"column":17},"end":{"line":44,"column":6}},"19":{"start":{"line":46,"column":4},"end":{"line":46,"column":59}},"20":{"start":{"line":50,"column":32},"end":{"line":50,"column":44}},"21":{"start":{"line":52,"column":17},"end":{"line":52,"column":72}},"22":{"start":{"line":53,"column":4},"end":{"line":55,"column":5}},"23":{"start":{"line":54,"column":6},"end":{"line":54,"column":61}},"24":{"start":{"line":57,"column":31},"end":{"line":57,"column":76}},"25":{"start":{"line":58,"column":4},"end":{"line":60,"column":5}},"26":{"start":{"line":59,"column":6},"end":{"line":59,"column":61}},"27":{"start":{"line":62,"column":4},"end":{"line":62,"column":59}},"28":{"start":{"line":66,"column":25},"end":{"line":66,"column":86}},"29":{"start":{"line":67,"column":4},"end":{"line":72,"column":5}},"30":{"start":{"line":68,"column":8},"end":{"line":71,"column":11}},"31":{"start":{"line":76,"column":25},"end":{"line":79,"column":6}},"32":{"start":{"line":82,"column":4},"end":{"line":88,"column":5}},"33":{"start":{"line":83,"column":8},"end":{"line":86,"column":9}},"34":{"start":{"line":85,"column":12},"end":{"line":85,"column":64}},"35":{"start":{"line":87,"column":8},"end":{"line":87,"column":81}},"36":{"start":{"line":90,"column":22},"end":{"line":90,"column":76}},"37":{"start":{"line":91,"column":4},"end":{"line":96,"column":5}},"38":{"start":{"line":94,"column":8},"end":{"line":94,"column":60}},"39":{"start":{"line":95,"column":8},"end":{"line":95,"column":71}},"40":{"start":{"line":99,"column":22},"end":{"line":99,"column":105}},"41":{"start":{"line":101,"column":4},"end":{"line":101,"column":21}},"42":{"start":{"line":105,"column":17},"end":{"line":105,"column":77}},"43":{"start":{"line":106,"column":4},"end":{"line":108,"column":5}},"44":{"start":{"line":107,"column":6},"end":{"line":107,"column":40}},"45":{"start":{"line":110,"column":37},"end":{"line":110,"column":41}},"46":{"start":{"line":111,"column":4},"end":{"line":111,"column":19}},"47":{"start":{"line":115,"column":16},"end":{"line":115,"column":35}},"48":{"start":{"line":116,"column":19},"end":{"line":116,"column":76}},"49":{"start":{"line":117,"column":31},"end":{"line":117,"column":72}},"50":{"start":{"line":119,"column":28},"end":{"line":119,"column":83}},"51":{"start":{"line":120,"column":18},"end":{"line":120,"column":44}},"52":{"start":{"line":122,"column":4},"end":{"line":125,"column":5}},"53":{"start":{"line":123,"column":6},"end":{"line":123,"column":77}},"54":{"start":{"line":124,"column":6},"end":{"line":124,"column":64}},"55":{"start":{"line":126,"column":22},"end":{"line":126,"column":50}},"56":{"start":{"line":129,"column":28},"end":{"line":138,"column":6}},"57":{"start":{"line":141,"column":4},"end":{"line":149,"column":5}},"58":{"start":{"line":142,"column":8},"end":{"line":148,"column":11}},"59":{"start":{"line":151,"column":4},"end":{"line":151,"column":18}},"60":{"start":{"line":155,"column":40},"end":{"line":170,"column":6}},"61":{"start":{"line":172,"column":4},"end":{"line":175,"column":6}},"62":{"start":{"line":179,"column":4},"end":{"line":182,"column":7}},"63":{"start":{"line":186,"column":4},"end":{"line":186,"column":33}},"64":{"start":{"line":19,"column":13},"end":{"line":19,"column":24}},"65":{"start":{"line":19,"column":13},"end":{"line":188,"column":null}}},"fnMap":{"0":{"name":"(anonymous_2)","decl":{"start":{"line":22,"column":2},"end":{"line":22,"column":null}},"loc":{"start":{"line":25,"column":49},"end":{"line":26,"column":6}}},"1":{"name":"(anonymous_3)","decl":{"start":{"line":28,"column":2},"end":{"line":28,"column":7}},"loc":{"start":{"line":28,"column":82},"end":{"line":47,"column":3}}},"2":{"name":"(anonymous_4)","decl":{"start":{"line":49,"column":2},"end":{"line":49,"column":7}},"loc":{"start":{"line":49,"column":73},"end":{"line":63,"column":3}}},"3":{"name":"(anonymous_5)","decl":{"start":{"line":65,"column":2},"end":{"line":65,"column":7}},"loc":{"start":{"line":65,"column":26},"end":{"line":73,"column":3}}},"4":{"name":"(anonymous_6)","decl":{"start":{"line":75,"column":2},"end":{"line":75,"column":7}},"loc":{"start":{"line":75,"column":86},"end":{"line":102,"column":3}}},"5":{"name":"(anonymous_7)","decl":{"start":{"line":104,"column":2},"end":{"line":104,"column":7}},"loc":{"start":{"line":104,"column":33},"end":{"line":112,"column":3}}},"6":{"name":"(anonymous_8)","decl":{"start":{"line":114,"column":10},"end":{"line":114,"column":15}},"loc":{"start":{"line":114,"column":102},"end":{"line":152,"column":3}}},"7":{"name":"(anonymous_9)","decl":{"start":{"line":154,"column":10},"end":{"line":154,"column":15}},"loc":{"start":{"line":154,"column":80},"end":{"line":176,"column":3}}},"8":{"name":"(anonymous_10)","decl":{"start":{"line":178,"column":10},"end":{"line":178,"column":15}},"loc":{"start":{"line":178,"column":50},"end":{"line":183,"column":3}}},"9":{"name":"(anonymous_11)","decl":{"start":{"line":185,"column":10},"end":{"line":185,"column":18}},"loc":{"start":{"line":185,"column":31},"end":{"line":187,"column":3}}}},"branchMap":{"0":{"loc":{"start":{"line":32,"column":4},"end":{"line":34,"column":5}},"type":"if","locations":[{"start":{"line":32,"column":4},"end":{"line":34,"column":5}}]},"1":{"loc":{"start":{"line":53,"column":4},"end":{"line":55,"column":5}},"type":"if","locations":[{"start":{"line":53,"column":4},"end":{"line":55,"column":5}}]},"2":{"loc":{"start":{"line":58,"column":4},"end":{"line":60,"column":5}},"type":"if","locations":[{"start":{"line":58,"column":4},"end":{"line":60,"column":5}}]},"3":{"loc":{"start":{"line":67,"column":4},"end":{"line":72,"column":5}},"type":"if","locations":[{"start":{"line":67,"column":4},"end":{"line":72,"column":5}}]},"4":{"loc":{"start":{"line":82,"column":4},"end":{"line":88,"column":5}},"type":"if","locations":[{"start":{"line":82,"column":4},"end":{"line":88,"column":5}}]},"5":{"loc":{"start":{"line":82,"column":8},"end":{"line":82,"column":47}},"type":"binary-expr","locations":[{"start":{"line":82,"column":8},"end":{"line":82,"column":21}},{"start":{"line":82,"column":25},"end":{"line":82,"column":47}}]},"6":{"loc":{"start":{"line":83,"column":8},"end":{"line":86,"column":9}},"type":"if","locations":[{"start":{"line":83,"column":8},"end":{"line":86,"column":9}}]},"7":{"loc":{"start":{"line":91,"column":4},"end":{"line":96,"column":5}},"type":"if","locations":[{"start":{"line":91,"column":4},"end":{"line":96,"column":5}}]},"8":{"loc":{"start":{"line":106,"column":4},"end":{"line":108,"column":5}},"type":"if","locations":[{"start":{"line":106,"column":4},"end":{"line":108,"column":5}}]},"9":{"loc":{"start":{"line":122,"column":4},"end":{"line":125,"column":5}},"type":"if","locations":[{"start":{"line":122,"column":4},"end":{"line":125,"column":5}}]},"10":{"loc":{"start":{"line":141,"column":4},"end":{"line":149,"column":5}},"type":"if","locations":[{"start":{"line":141,"column":4},"end":{"line":149,"column":5}}]}},"s":{"0":1,"1":1,"2":1,"3":1,"4":1,"5":1,"6":1,"7":1,"8":1,"9":6,"10":6,"11":6,"12":6,"13":2,"14":2,"15":2,"16":1,"17":1,"18":1,"19":1,"20":3,"21":3,"22":3,"23":1,"24":2,"25":2,"26":1,"27":1,"28":0,"29":0,"30":0,"31":0,"32":0,"33":0,"34":0,"35":0,"36":0,"37":0,"38":0,"39":0,"40":0,"41":0,"42":0,"43":0,"44":0,"45":0,"46":0,"47":0,"48":0,"49":0,"50":0,"51":0,"52":0,"53":0,"54":0,"55":0,"56":0,"57":0,"58":0,"59":0,"60":0,"61":0,"62":0,"63":1,"64":1,"65":1},"f":{"0":6,"1":2,"2":3,"3":0,"4":0,"5":0,"6":0,"7":0,"8":0,"9":1},"b":{"0":[1],"1":[1],"2":[1],"3":[0],"4":[0],"5":[0,0],"6":[0],"7":[0],"8":[0],"9":[0],"10":[0]}}
,"C:\\Users\\intel\\CascadeProjects\\thai-official-prep-api\\src\\auth\\jwt.strategy.ts": {"path":"C:\\Users\\intel\\CascadeProjects\\thai-official-prep-api\\src\\auth\\jwt.strategy.ts","statementMap":{"0":{"start":{"line":1,"column":0},"end":{"line":1,"column":52}},"1":{"start":{"line":2,"column":0},"end":{"line":2,"column":52}},"2":{"start":{"line":3,"column":0},"end":{"line":3,"column":67}},"3":{"start":{"line":4,"column":0},"end":{"line":4,"column":47}},"4":{"start":{"line":5,"column":0},"end":{"line":5,"column":54}},"5":{"start":{"line":8,"column":7},"end":{"line":31,"column":null}},"6":{"start":{"line":13,"column":4},"end":{"line":17,"column":7}},"7":{"start":{"line":10,"column":12},"end":{"line":10,"column":27}},"8":{"start":{"line":11,"column":12},"end":{"line":11,"column":26}},"9":{"start":{"line":21,"column":17},"end":{"line":21,"column":70}},"10":{"start":{"line":22,"column":4},"end":{"line":24,"column":5}},"11":{"start":{"line":23,"column":6},"end":{"line":23,"column":40}},"12":{"start":{"line":28,"column":26},"end":{"line":28,"column":30}},"13":{"start":{"line":29,"column":4},"end":{"line":29,"column":18}},"14":{"start":{"line":8,"column":13},"end":{"line":8,"column":24}},"15":{"start":{"line":8,"column":13},"end":{"line":31,"column":null}}},"fnMap":{"0":{"name":"(anonymous_2)","decl":{"start":{"line":9,"column":2},"end":{"line":9,"column":null}},"loc":{"start":{"line":11,"column":38},"end":{"line":18,"column":3}}},"1":{"name":"(anonymous_3)","decl":{"start":{"line":20,"column":2},"end":{"line":20,"column":7}},"loc":{"start":{"line":20,"column":56},"end":{"line":30,"column":3}}}},"branchMap":{"0":{"loc":{"start":{"line":22,"column":4},"end":{"line":24,"column":5}},"type":"if","locations":[{"start":{"line":22,"column":4},"end":{"line":24,"column":5}}]}},"s":{"0":0,"1":0,"2":0,"3":0,"4":0,"5":0,"6":0,"7":0,"8":0,"9":0,"10":0,"11":0,"12":0,"13":0,"14":0,"15":0},"f":{"0":0,"1":0},"b":{"0":[0]}}
,"C:\\Users\\intel\\CascadeProjects\\thai-official-prep-api\\src\\auth\\local.strategy.ts": {"path":"C:\\Users\\intel\\CascadeProjects\\thai-official-prep-api\\src\\auth\\local.strategy.ts","statementMap":{"0":{"start":{"line":1,"column":0},"end":{"line":1,"column":42}},"1":{"start":{"line":2,"column":0},"end":{"line":2,"column":52}},"2":{"start":{"line":3,"column":0},"end":{"line":3,"column":67}},"3":{"start":{"line":4,"column":0},"end":{"line":4,"column":45}},"4":{"start":{"line":7,"column":7},"end":{"line":19,"column":null}},"5":{"start":{"line":9,"column":4},"end":{"line":9,"column":38}},"6":{"start":{"line":8,"column":22},"end":{"line":8,"column":35}},"7":{"start":{"line":13,"column":17},"end":{"line":13,"column":94}},"8":{"start":{"line":14,"column":4},"end":{"line":16,"column":5}},"9":{"start":{"line":15,"column":6},"end":{"line":15,"column":40}},"10":{"start":{"line":17,"column":4},"end":{"line":17,"column":16}},"11":{"start":{"line":7,"column":13},"end":{"line":7,"column":26}},"12":{"start":{"line":7,"column":13},"end":{"line":19,"column":null}}},"fnMap":{"0":{"name":"(anonymous_2)","decl":{"start":{"line":8,"column":2},"end":{"line":8,"column":22}},"loc":{"start":{"line":8,"column":46},"end":{"line":10,"column":3}}},"1":{"name":"(anonymous_3)","decl":{"start":{"line":12,"column":2},"end":{"line":12,"column":7}},"loc":{"start":{"line":12,"column":43},"end":{"line":18,"column":3}}}},"branchMap":{"0":{"loc":{"start":{"line":14,"column":4},"end":{"line":16,"column":5}},"type":"if","locations":[{"start":{"line":14,"column":4},"end":{"line":16,"column":5}}]}},"s":{"0":0,"1":0,"2":0,"3":0,"4":0,"5":0,"6":0,"7":0,"8":0,"9":0,"10":0,"11":0,"12":0},"f":{"0":0,"1":0},"b":{"0":[0]}}
,"C:\\Users\\intel\\CascadeProjects\\thai-official-prep-api\\src\\auth\\decorators\\roles.decorator.ts": {"path":"C:\\Users\\intel\\CascadeProjects\\thai-official-prep-api\\src\\auth\\decorators\\roles.decorator.ts","statementMap":{"0":{"start":{"line":1,"column":0},"end":{"line":1,"column":45}},"1":{"start":{"line":4,"column":13},"end":{"line":4,"column":33}},"2":{"start":{"line":5,"column":21},"end":{"line":5,"column":72}},"3":{"start":{"line":5,"column":43},"end":{"line":5,"column":72}},"4":{"start":{"line":5,"column":13},"end":{"line":5,"column":21}}},"fnMap":{"0":{"name":"(anonymous_0)","decl":{"start":{"line":5,"column":21},"end":{"line":5,"column":22}},"loc":{"start":{"line":5,"column":43},"end":{"line":5,"column":72}}}},"branchMap":{},"s":{"0":1,"1":1,"2":1,"3":2,"4":1},"f":{"0":2},"b":{}}
,"C:\\Users\\intel\\CascadeProjects\\thai-official-prep-api\\src\\auth\\dto\\login-user.dto.ts": {"path":"C:\\Users\\intel\\CascadeProjects\\thai-official-prep-api\\src\\auth\\dto\\login-user.dto.ts","statementMap":{"0":{"start":{"line":1,"column":0},"end":{"line":1,"column":64}},"1":{"start":{"line":3,"column":0},"end":{"line":3,"column":13}},"2":{"start":{"line":6,"column":2},"end":{"line":6,"column":null}},"3":{"start":{"line":10,"column":2},"end":{"line":10,"column":null}}},"fnMap":{},"branchMap":{},"s":{"0":0,"1":0,"2":0,"3":0},"f":{},"b":{}}
,"C:\\Users\\intel\\CascadeProjects\\thai-official-prep-api\\src\\auth\\dto\\register-user.dto.ts": {"path":"C:\\Users\\intel\\CascadeProjects\\thai-official-prep-api\\src\\auth\\dto\\register-user.dto.ts","statementMap":{"0":{"start":{"line":1,"column":0},"end":{"line":1,"column":75}},"1":{"start":{"line":3,"column":0},"end":{"line":3,"column":13}},"2":{"start":{"line":6,"column":2},"end":{"line":6,"column":null}},"3":{"start":{"line":11,"column":2},"end":{"line":11,"column":null}}},"fnMap":{},"branchMap":{},"s":{"0":0,"1":0,"2":0,"3":0},"f":{},"b":{}}
,"C:\\Users\\intel\\CascadeProjects\\thai-official-prep-api\\src\\auth\\dto\\register.dto.ts": {"path":"C:\\Users\\intel\\CascadeProjects\\thai-official-prep-api\\src\\auth\\dto\\register.dto.ts","statementMap":{"0":{"start":{"line":1,"column":0},"end":{"line":1,"column":62}},"1":{"start":{"line":3,"column":0},"end":{"line":3,"column":13}}},"fnMap":{},"branchMap":{},"s":{"0":0,"1":0},"f":{},"b":{}}
,"C:\\Users\\intel\\CascadeProjects\\thai-official-prep-api\\src\\auth\\guards\\jwt-auth.guard.ts": {"path":"C:\\Users\\intel\\CascadeProjects\\thai-official-prep-api\\src\\auth\\guards\\jwt-auth.guard.ts","statementMap":{"0":{"start":{"line":1,"column":0},"end":{"line":1,"column":44}},"1":{"start":{"line":2,"column":0},"end":{"line":2,"column":45}},"2":{"start":{"line":5,"column":7},"end":{"line":5,"column":null}},"3":{"start":{"line":5,"column":13},"end":{"line":5,"column":25}},"4":{"start":{"line":5,"column":13},"end":{"line":5,"column":null}}},"fnMap":{},"branchMap":{},"s":{"0":0,"1":0,"2":0,"3":0,"4":0},"f":{},"b":{}}
,"C:\\Users\\intel\\CascadeProjects\\thai-official-prep-api\\src\\auth\\guards\\roles.guard.ts": {"path":"C:\\Users\\intel\\CascadeProjects\\thai-official-prep-api\\src\\auth\\guards\\roles.guard.ts","statementMap":{"0":{"start":{"line":1,"column":0},"end":{"line":1,"column":75}},"1":{"start":{"line":2,"column":0},"end":{"line":2,"column":41}},"2":{"start":{"line":3,"column":0},"end":{"line":3,"column":58}},"3":{"start":{"line":7,"column":7},"end":{"line":31,"column":null}},"4":{"start":{"line":8,"column":22},"end":{"line":8,"column":33}},"5":{"start":{"line":11,"column":26},"end":{"line":14,"column":6}},"6":{"start":{"line":17,"column":4},"end":{"line":19,"column":5}},"7":{"start":{"line":18,"column":6},"end":{"line":18,"column":18}},"8":{"start":{"line":21,"column":21},"end":{"line":21,"column":56}},"9":{"start":{"line":24,"column":4},"end":{"line":26,"column":5}},"10":{"start":{"line":25,"column":6},"end":{"line":25,"column":19}},"11":{"start":{"line":29,"column":4},"end":{"line":29,"column":60}},"12":{"start":{"line":29,"column":40},"end":{"line":29,"column":58}},"13":{"start":{"line":7,"column":13},"end":{"line":7,"column":23}},"14":{"start":{"line":7,"column":13},"end":{"line":31,"column":null}}},"fnMap":{"0":{"name":"(anonymous_2)","decl":{"start":{"line":8,"column":2},"end":{"line":8,"column":22}},"loc":{"start":{"line":8,"column":42},"end":{"line":8,"column":46}}},"1":{"name":"(anonymous_3)","decl":{"start":{"line":10,"column":2},"end":{"line":10,"column":13}},"loc":{"start":{"line":10,"column":39},"end":{"line":30,"column":3}}},"2":{"name":"(anonymous_4)","decl":{"start":{"line":29,"column":30},"end":{"line":29,"column":31}},"loc":{"start":{"line":29,"column":40},"end":{"line":29,"column":58}}}},"branchMap":{"0":{"loc":{"start":{"line":17,"column":4},"end":{"line":19,"column":5}},"type":"if","locations":[{"start":{"line":17,"column":4},"end":{"line":19,"column":5}}]},"1":{"loc":{"start":{"line":17,"column":8},"end":{"line":17,"column":52}},"type":"binary-expr","locations":[{"start":{"line":17,"column":8},"end":{"line":17,"column":22}},{"start":{"line":17,"column":26},"end":{"line":17,"column":52}}]},"2":{"loc":{"start":{"line":24,"column":4},"end":{"line":26,"column":5}},"type":"if","locations":[{"start":{"line":24,"column":4},"end":{"line":26,"column":5}}]},"3":{"loc":{"start":{"line":24,"column":8},"end":{"line":24,"column":27}},"type":"binary-expr","locations":[{"start":{"line":24,"column":8},"end":{"line":24,"column":13}},{"start":{"line":24,"column":17},"end":{"line":24,"column":27}}]}},"s":{"0":1,"1":1,"2":1,"3":1,"4":0,"5":0,"6":0,"7":0,"8":0,"9":0,"10":0,"11":0,"12":0,"13":1,"14":1},"f":{"0":0,"1":0,"2":0},"b":{"0":[0],"1":[0,0],"2":[0],"3":[0,0]}}
,"C:\\Users\\intel\\CascadeProjects\\thai-official-prep-api\\src\\auth\\strategies\\at.strategy.ts": {"path":"C:\\Users\\intel\\CascadeProjects\\thai-official-prep-api\\src\\auth\\strategies\\at.strategy.ts","statementMap":{"0":{"start":{"line":1,"column":0},"end":{"line":1,"column":44}},"1":{"start":{"line":2,"column":0},"end":{"line":2,"column":47}},"2":{"start":{"line":3,"column":0},"end":{"line":3,"column":52}},"3":{"start":{"line":4,"column":0},"end":{"line":4,"column":52}},"4":{"start":{"line":13,"column":7},"end":{"line":24,"column":null}},"5":{"start":{"line":15,"column":4},"end":{"line":18,"column":7}},"6":{"start":{"line":22,"column":4},"end":{"line":22,"column":19}},"7":{"start":{"line":13,"column":13},"end":{"line":13,"column":23}},"8":{"start":{"line":13,"column":13},"end":{"line":24,"column":null}}},"fnMap":{"0":{"name":"(anonymous_2)","decl":{"start":{"line":14,"column":2},"end":{"line":14,"column":14}},"loc":{"start":{"line":14,"column":35},"end":{"line":19,"column":3}}},"1":{"name":"(anonymous_3)","decl":{"start":{"line":21,"column":2},"end":{"line":21,"column":10}},"loc":{"start":{"line":21,"column":30},"end":{"line":23,"column":3}}}},"branchMap":{},"s":{"0":0,"1":0,"2":0,"3":0,"4":0,"5":0,"6":0,"7":0,"8":0},"f":{"0":0,"1":0},"b":{}}
,"C:\\Users\\intel\\CascadeProjects\\thai-official-prep-api\\src\\auth\\strategies\\rt.strategy.ts": {"path":"C:\\Users\\intel\\CascadeProjects\\thai-official-prep-api\\src\\auth\\strategies\\rt.strategy.ts","statementMap":{"0":{"start":{"line":1,"column":0},"end":{"line":1,"column":52}},"1":{"start":{"line":2,"column":0},"end":{"line":2,"column":52}},"2":{"start":{"line":4,"column":0},"end":{"line":4,"column":44}},"3":{"start":{"line":5,"column":0},"end":{"line":5,"column":47}},"4":{"start":{"line":8,"column":7},"end":{"line":27,"column":null}},"5":{"start":{"line":10,"column":4},"end":{"line":18,"column":7}},"6":{"start":{"line":13,"column":10},"end":{"line":13,"column":44}},"7":{"start":{"line":22,"column":25},"end":{"line":22,"column":51}},"8":{"start":{"line":25,"column":4},"end":{"line":25,"column":40}},"9":{"start":{"line":8,"column":13},"end":{"line":8,"column":23}},"10":{"start":{"line":8,"column":13},"end":{"line":27,"column":null}}},"fnMap":{"0":{"name":"(anonymous_2)","decl":{"start":{"line":9,"column":2},"end":{"line":9,"column":14}},"loc":{"start":{"line":9,"column":35},"end":{"line":19,"column":3}}},"1":{"name":"(anonymous_3)","decl":{"start":{"line":12,"column":8},"end":{"line":12,"column":9}},"loc":{"start":{"line":12,"column":25},"end":{"line":14,"column":9}}},"2":{"name":"(anonymous_4)","decl":{"start":{"line":21,"column":2},"end":{"line":21,"column":10}},"loc":{"start":{"line":21,"column":37},"end":{"line":26,"column":3}}}},"branchMap":{},"s":{"0":0,"1":0,"2":0,"3":0,"4":0,"5":0,"6":0,"7":0,"8":0,"9":0,"10":0},"f":{"0":0,"1":0,"2":0},"b":{}}
,"C:\\Users\\intel\\CascadeProjects\\thai-official-prep-api\\src\\common\\decorators\\get-current-user-id.decorator.ts": {"path":"C:\\Users\\intel\\CascadeProjects\\thai-official-prep-api\\src\\common\\decorators\\get-current-user-id.decorator.ts","statementMap":{"0":{"start":{"line":1,"column":0},"end":{"line":1,"column":72}},"1":{"start":{"line":3,"column":13},"end":{"line":8,"column":2}},"2":{"start":{"line":5,"column":20},"end":{"line":5,"column":55}},"3":{"start":{"line":6,"column":4},"end":{"line":6,"column":31}}},"fnMap":{"0":{"name":"(anonymous_0)","decl":{"start":{"line":4,"column":2},"end":{"line":4,"column":3}},"loc":{"start":{"line":4,"column":54},"end":{"line":7,"column":3}}}},"branchMap":{},"s":{"0":1,"1":1,"2":0,"3":0},"f":{"0":0},"b":{}}
,"C:\\Users\\intel\\CascadeProjects\\thai-official-prep-api\\src\\common\\decorators\\get-current-user.decorator.ts": {"path":"C:\\Users\\intel\\CascadeProjects\\thai-official-prep-api\\src\\common\\decorators\\get-current-user.decorator.ts","statementMap":{"0":{"start":{"line":1,"column":0},"end":{"line":1,"column":72}},"1":{"start":{"line":3,"column":13},"end":{"line":9,"column":2}},"2":{"start":{"line":5,"column":20},"end":{"line":5,"column":55}},"3":{"start":{"line":6,"column":4},"end":{"line":6,"column":35}},"4":{"start":{"line":6,"column":15},"end":{"line":6,"column":35}},"5":{"start":{"line":7,"column":4},"end":{"line":7,"column":30}}},"fnMap":{"0":{"name":"(anonymous_0)","decl":{"start":{"line":4,"column":2},"end":{"line":4,"column":3}},"loc":{"start":{"line":4,"column":58},"end":{"line":8,"column":3}}}},"branchMap":{"0":{"loc":{"start":{"line":6,"column":4},"end":{"line":6,"column":35}},"type":"if","locations":[{"start":{"line":6,"column":4},"end":{"line":6,"column":35}}]}},"s":{"0":1,"1":1,"2":0,"3":0,"4":0,"5":0},"f":{"0":0},"b":{"0":[0]}}
,"C:\\Users\\intel\\CascadeProjects\\thai-official-prep-api\\src\\common\\decorators\\index.ts": {"path":"C:\\Users\\intel\\CascadeProjects\\thai-official-prep-api\\src\\common\\decorators\\index.ts","statementMap":{"0":{"start":{"line":1,"column":0},"end":{"line":1,"column":35}},"1":{"start":{"line":2,"column":0},"end":{"line":2,"column":45}},"2":{"start":{"line":3,"column":0},"end":{"line":3,"column":48}}},"fnMap":{},"branchMap":{},"s":{"0":1,"1":1,"2":1},"f":{},"b":{}}
,"C:\\Users\\intel\\CascadeProjects\\thai-official-prep-api\\src\\common\\decorators\\public.decorator.ts": {"path":"C:\\Users\\intel\\CascadeProjects\\thai-official-prep-api\\src\\common\\decorators\\public.decorator.ts","statementMap":{"0":{"start":{"line":1,"column":0},"end":{"line":1,"column":45}},"1":{"start":{"line":3,"column":13},"end":{"line":3,"column":40}},"2":{"start":{"line":4,"column":22},"end":{"line":4,"column":60}},"3":{"start":{"line":4,"column":28},"end":{"line":4,"column":60}},"4":{"start":{"line":4,"column":13},"end":{"line":4,"column":22}}},"fnMap":{"0":{"name":"(anonymous_0)","decl":{"start":{"line":4,"column":22},"end":{"line":4,"column":25}},"loc":{"start":{"line":4,"column":28},"end":{"line":4,"column":60}}}},"branchMap":{},"s":{"0":1,"1":1,"2":1,"3":0,"4":1},"f":{"0":0},"b":{}}
,"C:\\Users\\intel\\CascadeProjects\\thai-official-prep-api\\src\\common\\decorators\\roles.decorator.ts": {"path":"C:\\Users\\intel\\CascadeProjects\\thai-official-prep-api\\src\\common\\decorators\\roles.decorator.ts","statementMap":{"0":{"start":{"line":1,"column":0},"end":{"line":1,"column":45}},"1":{"start":{"line":4,"column":13},"end":{"line":4,"column":33}},"2":{"start":{"line":5,"column":21},"end":{"line":5,"column":72}},"3":{"start":{"line":5,"column":43},"end":{"line":5,"column":72}},"4":{"start":{"line":5,"column":13},"end":{"line":5,"column":21}}},"fnMap":{"0":{"name":"(anonymous_0)","decl":{"start":{"line":5,"column":21},"end":{"line":5,"column":22}},"loc":{"start":{"line":5,"column":43},"end":{"line":5,"column":72}}}},"branchMap":{},"s":{"0":1,"1":1,"2":1,"3":5,"4":1},"f":{"0":5},"b":{}}
,"C:\\Users\\intel\\CascadeProjects\\thai-official-prep-api\\src\\common\\filters\\all-exceptions.filter.ts": {"path":"C:\\Users\\intel\\CascadeProjects\\thai-official-prep-api\\src\\common\\filters\\all-exceptions.filter.ts","statementMap":{"0":{"start":{"line":1,"column":0},"end":{"line":1,"column":98}},"1":{"start":{"line":2,"column":0},"end":{"line":2,"column":47}},"2":{"start":{"line":5,"column":7},"end":{"line":30,"column":null}},"3":{"start":{"line":6,"column":31},"end":{"line":6,"column":48}},"4":{"start":{"line":9,"column":28},"end":{"line":9,"column":48}},"5":{"start":{"line":11,"column":16},"end":{"line":11,"column":35}},"6":{"start":{"line":14,"column":6},"end":{"line":16,"column":42}},"7":{"start":{"line":19,"column":4},"end":{"line":19,"column":60}},"8":{"start":{"line":21,"column":25},"end":{"line":26,"column":6}},"9":{"start":{"line":28,"column":4},"end":{"line":28,"column":67}},"10":{"start":{"line":5,"column":13},"end":{"line":5,"column":32}},"11":{"start":{"line":5,"column":13},"end":{"line":30,"column":null}}},"fnMap":{"0":{"name":"(anonymous_2)","decl":{"start":{"line":6,"column":2},"end":{"line":6,"column":31}},"loc":{"start":{"line":6,"column":63},"end":{"line":6,"column":67}}},"1":{"name":"(anonymous_3)","decl":{"start":{"line":8,"column":2},"end":{"line":8,"column":7}},"loc":{"start":{"line":8,"column":47},"end":{"line":29,"column":3}}}},"branchMap":{"0":{"loc":{"start":{"line":14,"column":6},"end":{"line":16,"column":42}},"type":"cond-expr","locations":[{"start":{"line":15,"column":10},"end":{"line":15,"column":31}},{"start":{"line":16,"column":10},"end":{"line":16,"column":42}}]},"1":{"loc":{"start":{"line":25,"column":16},"end":{"line":25,"column":69}},"type":"binary-expr","locations":[{"start":{"line":25,"column":16},"end":{"line":25,"column":42}},{"start":{"line":25,"column":46},"end":{"line":25,"column":69}}]}},"s":{"0":0,"1":0,"2":0,"3":0,"4":0,"5":0,"6":0,"7":0,"8":0,"9":0,"10":0,"11":0},"f":{"0":0,"1":0},"b":{"0":[0,0],"1":[0,0]}}
,"C:\\Users\\intel\\CascadeProjects\\thai-official-prep-api\\src\\common\\guards\\at.guard.ts": {"path":"C:\\Users\\intel\\CascadeProjects\\thai-official-prep-api\\src\\common\\guards\\at.guard.ts","statementMap":{"0":{"start":{"line":1,"column":0},"end":{"line":1,"column":62}},"1":{"start":{"line":2,"column":0},"end":{"line":2,"column":41}},"2":{"start":{"line":3,"column":0},"end":{"line":3,"column":45}},"3":{"start":{"line":7,"column":7},"end":{"line":26,"column":null}},"4":{"start":{"line":9,"column":4},"end":{"line":9,"column":12}},"5":{"start":{"line":8,"column":22},"end":{"line":8,"column":33}},"6":{"start":{"line":15,"column":21},"end":{"line":18,"column":6}},"7":{"start":{"line":20,"column":4},"end":{"line":22,"column":5}},"8":{"start":{"line":21,"column":6},"end":{"line":21,"column":18}},"9":{"start":{"line":24,"column":4},"end":{"line":24,"column":38}},"10":{"start":{"line":7,"column":13},"end":{"line":7,"column":20}},"11":{"start":{"line":7,"column":13},"end":{"line":26,"column":null}}},"fnMap":{"0":{"name":"(anonymous_2)","decl":{"start":{"line":8,"column":2},"end":{"line":8,"column":22}},"loc":{"start":{"line":8,"column":42},"end":{"line":10,"column":3}}},"1":{"name":"(anonymous_3)","decl":{"start":{"line":12,"column":2},"end":{"line":12,"column":13}},"loc":{"start":{"line":13,"column":29},"end":{"line":25,"column":3}}}},"branchMap":{"0":{"loc":{"start":{"line":20,"column":4},"end":{"line":22,"column":5}},"type":"if","locations":[{"start":{"line":20,"column":4},"end":{"line":22,"column":5}}]}},"s":{"0":0,"1":0,"2":0,"3":0,"4":0,"5":0,"6":0,"7":0,"8":0,"9":0,"10":0,"11":0},"f":{"0":0,"1":0},"b":{"0":[0]}}
,"C:\\Users\\intel\\CascadeProjects\\thai-official-prep-api\\src\\common\\guards\\roles.guard.ts": {"path":"C:\\Users\\intel\\CascadeProjects\\thai-official-prep-api\\src\\common\\guards\\roles.guard.ts","statementMap":{"0":{"start":{"line":1,"column":0},"end":{"line":1,"column":75}},"1":{"start":{"line":2,"column":0},"end":{"line":2,"column":41}},"2":{"start":{"line":4,"column":0},"end":{"line":4,"column":58}},"3":{"start":{"line":7,"column":7},"end":{"line":21,"column":null}},"4":{"start":{"line":8,"column":22},"end":{"line":8,"column":33}},"5":{"start":{"line":11,"column":26},"end":{"line":14,"column":6}},"6":{"start":{"line":15,"column":4},"end":{"line":17,"column":5}},"7":{"start":{"line":16,"column":6},"end":{"line":16,"column":18}},"8":{"start":{"line":18,"column":21},"end":{"line":18,"column":56}},"9":{"start":{"line":19,"column":4},"end":{"line":19,"column":68}},"10":{"start":{"line":19,"column":40},"end":{"line":19,"column":66}},"11":{"start":{"line":7,"column":13},"end":{"line":7,"column":23}},"12":{"start":{"line":7,"column":13},"end":{"line":21,"column":null}}},"fnMap":{"0":{"name":"(anonymous_2)","decl":{"start":{"line":8,"column":2},"end":{"line":8,"column":22}},"loc":{"start":{"line":8,"column":42},"end":{"line":8,"column":46}}},"1":{"name":"(anonymous_3)","decl":{"start":{"line":10,"column":2},"end":{"line":10,"column":13}},"loc":{"start":{"line":10,"column":39},"end":{"line":20,"column":3}}},"2":{"name":"(anonymous_4)","decl":{"start":{"line":19,"column":30},"end":{"line":19,"column":31}},"loc":{"start":{"line":19,"column":40},"end":{"line":19,"column":66}}}},"branchMap":{"0":{"loc":{"start":{"line":15,"column":4},"end":{"line":17,"column":5}},"type":"if","locations":[{"start":{"line":15,"column":4},"end":{"line":17,"column":5}}]}},"s":{"0":1,"1":1,"2":1,"3":1,"4":6,"5":0,"6":0,"7":0,"8":0,"9":0,"10":0,"11":1,"12":1},"f":{"0":6,"1":0,"2":0},"b":{"0":[0]}}
,"C:\\Users\\intel\\CascadeProjects\\thai-official-prep-api\\src\\common\\guards\\rt.guard.ts": {"path":"C:\\Users\\intel\\CascadeProjects\\thai-official-prep-api\\src\\common\\guards\\rt.guard.ts","statementMap":{"0":{"start":{"line":1,"column":0},"end":{"line":1,"column":44}},"1":{"start":{"line":2,"column":0},"end":{"line":2,"column":45}},"2":{"start":{"line":5,"column":7},"end":{"line":5,"column":null}},"3":{"start":{"line":5,"column":13},"end":{"line":5,"column":20}},"4":{"start":{"line":5,"column":13},"end":{"line":5,"column":null}}},"fnMap":{},"branchMap":{},"s":{"0":0,"1":0,"2":0,"3":0,"4":0},"f":{},"b":{}}
,"C:\\Users\\intel\\CascadeProjects\\thai-official-prep-api\\src\\positions\\positions.controller.ts": {"path":"C:\\Users\\intel\\CascadeProjects\\thai-official-prep-api\\src\\positions\\positions.controller.ts","statementMap":{"0":{"start":{"line":1,"column":0},"end":{"line":1,"column":94}},"1":{"start":{"line":2,"column":0},"end":{"line":2,"column":55}},"2":{"start":{"line":3,"column":0},"end":{"line":3,"column":62}},"3":{"start":{"line":4,"column":0},"end":{"line":4,"column":62}},"4":{"start":{"line":5,"column":0},"end":{"line":5,"column":62}},"5":{"start":{"line":6,"column":0},"end":{"line":6,"column":57}},"6":{"start":{"line":7,"column":0},"end":{"line":7,"column":60}},"7":{"start":{"line":8,"column":0},"end":{"line":8,"column":38}},"8":{"start":{"line":12,"column":7},"end":{"line":45,"column":null}},"9":{"start":{"line":13,"column":31},"end":{"line":13,"column":49}},"10":{"start":{"line":19,"column":4},"end":{"line":19,"column":59}},"11":{"start":{"line":24,"column":4},"end":{"line":24,"column":43}},"12":{"start":{"line":29,"column":4},"end":{"line":29,"column":45}},"13":{"start":{"line":36,"column":4},"end":{"line":36,"column":63}},"14":{"start":{"line":43,"column":4},"end":{"line":43,"column":44}},"15":{"start":{"line":12,"column":13},"end":{"line":12,"column":32}},"16":{"start":{"line":18,"column":2},"end":{"line":20,"column":null}},"17":{"start":{"line":23,"column":2},"end":{"line":25,"column":null}},"18":{"start":{"line":28,"column":2},"end":{"line":30,"column":null}},"19":{"start":{"line":35,"column":2},"end":{"line":37,"column":null}},"20":{"start":{"line":42,"column":2},"end":{"line":44,"column":null}},"21":{"start":{"line":12,"column":13},"end":{"line":45,"column":null}}},"fnMap":{"0":{"name":"(anonymous_4)","decl":{"start":{"line":13,"column":2},"end":{"line":13,"column":31}},"loc":{"start":{"line":13,"column":65},"end":{"line":13,"column":69}}},"1":{"name":"(anonymous_5)","decl":{"start":{"line":18,"column":2},"end":{"line":18,"column":8}},"loc":{"start":{"line":18,"column":53},"end":{"line":20,"column":3}}},"2":{"name":"(anonymous_6)","decl":{"start":{"line":23,"column":2},"end":{"line":23,"column":9}},"loc":{"start":{"line":23,"column":9},"end":{"line":25,"column":3}}},"3":{"name":"(anonymous_7)","decl":{"start":{"line":28,"column":2},"end":{"line":28,"column":9}},"loc":{"start":{"line":28,"column":33},"end":{"line":30,"column":3}}},"4":{"name":"(anonymous_8)","decl":{"start":{"line":35,"column":2},"end":{"line":35,"column":8}},"loc":{"start":{"line":35,"column":78},"end":{"line":37,"column":3}}},"5":{"name":"(anonymous_9)","decl":{"start":{"line":42,"column":2},"end":{"line":42,"column":8}},"loc":{"start":{"line":42,"column":32},"end":{"line":44,"column":3}}}},"branchMap":{},"s":{"0":0,"1":0,"2":0,"3":0,"4":0,"5":0,"6":0,"7":0,"8":0,"9":0,"10":0,"11":0,"12":0,"13":0,"14":0,"15":0,"16":0,"17":0,"18":0,"19":0,"20":0,"21":0},"f":{"0":0,"1":0,"2":0,"3":0,"4":0,"5":0},"b":{}}
,"C:\\Users\\intel\\CascadeProjects\\thai-official-prep-api\\src\\positions\\positions.module.ts": {"path":"C:\\Users\\intel\\CascadeProjects\\thai-official-prep-api\\src\\positions\\positions.module.ts","statementMap":{"0":{"start":{"line":1,"column":0},"end":{"line":1,"column":40}},"1":{"start":{"line":2,"column":0},"end":{"line":2,"column":55}},"2":{"start":{"line":3,"column":0},"end":{"line":3,"column":61}},"3":{"start":{"line":4,"column":0},"end":{"line":4,"column":56}},"4":{"start":{"line":5,"column":0},"end":{"line":5,"column":50}},"5":{"start":{"line":12,"column":7},"end":{"line":12,"column":null}},"6":{"start":{"line":12,"column":13},"end":{"line":12,"column":28}},"7":{"start":{"line":12,"column":13},"end":{"line":12,"column":null}}},"fnMap":{},"branchMap":{},"s":{"0":0,"1":0,"2":0,"3":0,"4":0,"5":0,"6":0,"7":0},"f":{},"b":{}}
,"C:\\Users\\intel\\CascadeProjects\\thai-official-prep-api\\src\\positions\\positions.service.ts": {"path":"C:\\Users\\intel\\CascadeProjects\\thai-official-prep-api\\src\\positions\\positions.service.ts","statementMap":{"0":{"start":{"line":1,"column":0},"end":{"line":1,"column":44}},"1":{"start":{"line":2,"column":0},"end":{"line":2,"column":58}},"2":{"start":{"line":7,"column":7},"end":{"line":32,"column":null}},"3":{"start":{"line":8,"column":22},"end":{"line":8,"column":30}},"4":{"start":{"line":11,"column":4},"end":{"line":11,"column":68}},"5":{"start":{"line":15,"column":4},"end":{"line":15,"column":43}},"6":{"start":{"line":19,"column":4},"end":{"line":19,"column":62}},"7":{"start":{"line":23,"column":4},"end":{"line":26,"column":7}},"8":{"start":{"line":30,"column":4},"end":{"line":30,"column":58}},"9":{"start":{"line":7,"column":13},"end":{"line":7,"column":29}},"10":{"start":{"line":7,"column":13},"end":{"line":32,"column":null}}},"fnMap":{"0":{"name":"(anonymous_2)","decl":{"start":{"line":8,"column":2},"end":{"line":8,"column":22}},"loc":{"start":{"line":8,"column":43},"end":{"line":8,"column":47}}},"1":{"name":"(anonymous_3)","decl":{"start":{"line":10,"column":2},"end":{"line":10,"column":8}},"loc":{"start":{"line":10,"column":45},"end":{"line":12,"column":3}}},"2":{"name":"(anonymous_4)","decl":{"start":{"line":14,"column":2},"end":{"line":14,"column":9}},"loc":{"start":{"line":14,"column":9},"end":{"line":16,"column":3}}},"3":{"name":"(anonymous_5)","decl":{"start":{"line":18,"column":2},"end":{"line":18,"column":9}},"loc":{"start":{"line":18,"column":20},"end":{"line":20,"column":3}}},"4":{"name":"(anonymous_6)","decl":{"start":{"line":22,"column":2},"end":{"line":22,"column":8}},"loc":{"start":{"line":22,"column":57},"end":{"line":27,"column":3}}},"5":{"name":"(anonymous_7)","decl":{"start":{"line":29,"column":2},"end":{"line":29,"column":8}},"loc":{"start":{"line":29,"column":19},"end":{"line":31,"column":3}}}},"branchMap":{},"s":{"0":0,"1":0,"2":0,"3":0,"4":0,"5":0,"6":0,"7":0,"8":0,"9":0,"10":0},"f":{"0":0,"1":0,"2":0,"3":0,"4":0,"5":0},"b":{}}
,"C:\\Users\\intel\\CascadeProjects\\thai-official-prep-api\\src\\positions\\dto\\create-position.dto.ts": {"path":"C:\\Users\\intel\\CascadeProjects\\thai-official-prep-api\\src\\positions\\dto\\create-position.dto.ts","statementMap":{"0":{"start":{"line":1,"column":0},"end":{"line":1,"column":55}},"1":{"start":{"line":3,"column":0},"end":{"line":3,"column":13}},"2":{"start":{"line":6,"column":2},"end":{"line":6,"column":null}}},"fnMap":{},"branchMap":{},"s":{"0":0,"1":0,"2":0},"f":{},"b":{}}
,"C:\\Users\\intel\\CascadeProjects\\thai-official-prep-api\\src\\positions\\dto\\update-position.dto.ts": {"path":"C:\\Users\\intel\\CascadeProjects\\thai-official-prep-api\\src\\positions\\dto\\update-position.dto.ts","statementMap":{"0":{"start":{"line":1,"column":0},"end":{"line":1,"column":51}},"1":{"start":{"line":2,"column":0},"end":{"line":2,"column":58}},"2":{"start":{"line":4,"column":0},"end":{"line":4,"column":13}}},"fnMap":{},"branchMap":{},"s":{"0":0,"1":0,"2":0},"f":{},"b":{}}
,"C:\\Users\\intel\\CascadeProjects\\thai-official-prep-api\\src\\prisma\\prisma.module.ts": {"path":"C:\\Users\\intel\\CascadeProjects\\thai-official-prep-api\\src\\prisma\\prisma.module.ts","statementMap":{"0":{"start":{"line":1,"column":0},"end":{"line":1,"column":40}},"1":{"start":{"line":2,"column":0},"end":{"line":2,"column":49}},"2":{"start":{"line":8,"column":7},"end":{"line":8,"column":null}},"3":{"start":{"line":8,"column":13},"end":{"line":8,"column":25}},"4":{"start":{"line":8,"column":13},"end":{"line":8,"column":null}}},"fnMap":{},"branchMap":{},"s":{"0":0,"1":0,"2":0,"3":0,"4":0},"f":{},"b":{}}
,"C:\\Users\\intel\\CascadeProjects\\thai-official-prep-api\\src\\prisma\\prisma.service.ts": {"path":"C:\\Users\\intel\\CascadeProjects\\thai-official-prep-api\\src\\prisma\\prisma.service.ts","statementMap":{"0":{"start":{"line":1,"column":0},"end":{"line":1,"column":76}},"1":{"start":{"line":2,"column":0},"end":{"line":2,"column":46}},"2":{"start":{"line":5,"column":7},"end":{"line":15,"column":null}},"3":{"start":{"line":7,"column":4},"end":{"line":7,"column":26}},"4":{"start":{"line":11,"column":4},"end":{"line":13,"column":7}},"5":{"start":{"line":12,"column":6},"end":{"line":12,"column":24}},"6":{"start":{"line":5,"column":13},"end":{"line":5,"column":26}},"7":{"start":{"line":5,"column":13},"end":{"line":15,"column":null}}},"fnMap":{"0":{"name":"(anonymous_1)","decl":{"start":{"line":6,"column":2},"end":{"line":6,"column":7}},"loc":{"start":{"line":6,"column":20},"end":{"line":8,"column":3}}},"1":{"name":"(anonymous_2)","decl":{"start":{"line":10,"column":2},"end":{"line":10,"column":7}},"loc":{"start":{"line":10,"column":49},"end":{"line":14,"column":3}}},"2":{"name":"(anonymous_3)","decl":{"start":{"line":11,"column":29},"end":{"line":11,"column":34}},"loc":{"start":{"line":11,"column":40},"end":{"line":13,"column":5}}}},"branchMap":{},"s":{"0":5,"1":5,"2":5,"3":0,"4":0,"5":0,"6":5,"7":5},"f":{"0":0,"1":0,"2":0},"b":{}}
,"C:\\Users\\intel\\CascadeProjects\\thai-official-prep-api\\src\\questions\\questions.controller.ts": {"path":"C:\\Users\\intel\\CascadeProjects\\thai-official-prep-api\\src\\questions\\questions.controller.ts","statementMap":{"0":{"start":{"line":1,"column":0},"end":{"line":1,"column":null}},"1":{"start":{"line":10,"column":0},"end":{"line":10,"column":55}},"2":{"start":{"line":11,"column":0},"end":{"line":11,"column":62}},"3":{"start":{"line":12,"column":0},"end":{"line":12,"column":45}},"4":{"start":{"line":13,"column":0},"end":{"line":13,"column":56}},"5":{"start":{"line":14,"column":0},"end":{"line":14,"column":59}},"6":{"start":{"line":15,"column":0},"end":{"line":15,"column":38}},"7":{"start":{"line":18,"column":7},"end":{"line":46,"column":null}},"8":{"start":{"line":19,"column":31},"end":{"line":19,"column":49}},"9":{"start":{"line":25,"column":4},"end":{"line":25,"column":59}},"10":{"start":{"line":30,"column":4},"end":{"line":30,"column":43}},"11":{"start":{"line":35,"column":4},"end":{"line":35,"column":45}},"12":{"start":{"line":44,"column":4},"end":{"line":44,"column":44}},"13":{"start":{"line":18,"column":13},"end":{"line":18,"column":32}},"14":{"start":{"line":24,"column":2},"end":{"line":26,"column":null}},"15":{"start":{"line":29,"column":2},"end":{"line":31,"column":null}},"16":{"start":{"line":34,"column":2},"end":{"line":36,"column":null}},"17":{"start":{"line":43,"column":2},"end":{"line":45,"column":null}},"18":{"start":{"line":18,"column":13},"end":{"line":46,"column":null}}},"fnMap":{"0":{"name":"(anonymous_4)","decl":{"start":{"line":19,"column":2},"end":{"line":19,"column":31}},"loc":{"start":{"line":19,"column":65},"end":{"line":19,"column":69}}},"1":{"name":"(anonymous_5)","decl":{"start":{"line":24,"column":2},"end":{"line":24,"column":8}},"loc":{"start":{"line":24,"column":53},"end":{"line":26,"column":3}}},"2":{"name":"(anonymous_6)","decl":{"start":{"line":29,"column":2},"end":{"line":29,"column":9}},"loc":{"start":{"line":29,"column":9},"end":{"line":31,"column":3}}},"3":{"name":"(anonymous_7)","decl":{"start":{"line":34,"column":2},"end":{"line":34,"column":9}},"loc":{"start":{"line":34,"column":33},"end":{"line":36,"column":3}}},"4":{"name":"(anonymous_8)","decl":{"start":{"line":43,"column":2},"end":{"line":43,"column":8}},"loc":{"start":{"line":43,"column":32},"end":{"line":45,"column":3}}}},"branchMap":{},"s":{"0":1,"1":1,"2":1,"3":1,"4":1,"5":1,"6":1,"7":1,"8":6,"9":1,"10":1,"11":1,"12":1,"13":1,"14":1,"15":1,"16":1,"17":1,"18":1},"f":{"0":6,"1":1,"2":1,"3":1,"4":1},"b":{}}
,"C:\\Users\\intel\\CascadeProjects\\thai-official-prep-api\\src\\questions\\questions.module.ts": {"path":"C:\\Users\\intel\\CascadeProjects\\thai-official-prep-api\\src\\questions\\questions.module.ts","statementMap":{"0":{"start":{"line":1,"column":0},"end":{"line":1,"column":40}},"1":{"start":{"line":2,"column":0},"end":{"line":2,"column":55}},"2":{"start":{"line":3,"column":0},"end":{"line":3,"column":61}},"3":{"start":{"line":4,"column":0},"end":{"line":4,"column":55}},"4":{"start":{"line":11,"column":7},"end":{"line":11,"column":null}},"5":{"start":{"line":11,"column":13},"end":{"line":11,"column":28}},"6":{"start":{"line":11,"column":13},"end":{"line":11,"column":null}}},"fnMap":{},"branchMap":{},"s":{"0":0,"1":0,"2":0,"3":0,"4":0,"5":0,"6":0},"f":{},"b":{}}
,"C:\\Users\\intel\\CascadeProjects\\thai-official-prep-api\\src\\questions\\questions.service.ts": {"path":"C:\\Users\\intel\\CascadeProjects\\thai-official-prep-api\\src\\questions\\questions.service.ts","statementMap":{"0":{"start":{"line":1,"column":0},"end":{"line":1,"column":null}},"1":{"start":{"line":6,"column":0},"end":{"line":6,"column":57}},"2":{"start":{"line":11,"column":7},"end":{"line":85,"column":null}},"3":{"start":{"line":12,"column":31},"end":{"line":12,"column":39}},"4":{"start":{"line":15,"column":52},"end":{"line":15,"column":69}},"5":{"start":{"line":18,"column":29},"end":{"line":18,"column":71}},"6":{"start":{"line":18,"column":54},"end":{"line":18,"column":70}},"7":{"start":{"line":19,"column":4},"end":{"line":21,"column":5}},"8":{"start":{"line":20,"column":6},"end":{"line":20,"column":76}},"9":{"start":{"line":24,"column":20},"end":{"line":26,"column":6}},"10":{"start":{"line":27,"column":4},"end":{"line":29,"column":5}},"11":{"start":{"line":28,"column":6},"end":{"line":28,"column":77}},"12":{"start":{"line":31,"column":4},"end":{"line":47,"column":7}},"13":{"start":{"line":38,"column":43},"end":{"line":41,"column":12}},"14":{"start":{"line":51,"column":4},"end":{"line":56,"column":7}},"15":{"start":{"line":60,"column":21},"end":{"line":66,"column":6}},"16":{"start":{"line":68,"column":4},"end":{"line":70,"column":5}},"17":{"start":{"line":69,"column":6},"end":{"line":69,"column":71}},"18":{"start":{"line":71,"column":4},"end":{"line":71,"column":20}},"19":{"start":{"line":78,"column":4},"end":{"line":78,"column":27}},"20":{"start":{"line":81,"column":4},"end":{"line":83,"column":7}},"21":{"start":{"line":11,"column":13},"end":{"line":11,"column":29}},"22":{"start":{"line":11,"column":13},"end":{"line":85,"column":null}}},"fnMap":{"0":{"name":"(anonymous_2)","decl":{"start":{"line":12,"column":2},"end":{"line":12,"column":31}},"loc":{"start":{"line":12,"column":52},"end":{"line":12,"column":56}}},"1":{"name":"(anonymous_3)","decl":{"start":{"line":14,"column":2},"end":{"line":14,"column":7}},"loc":{"start":{"line":14,"column":51},"end":{"line":48,"column":3}}},"2":{"name":"(anonymous_4)","decl":{"start":{"line":18,"column":42},"end":{"line":18,"column":43}},"loc":{"start":{"line":18,"column":54},"end":{"line":18,"column":70}}},"3":{"name":"(anonymous_5)","decl":{"start":{"line":38,"column":30},"end":{"line":38,"column":31}},"loc":{"start":{"line":38,"column":43},"end":{"line":41,"column":12}}},"4":{"name":"(anonymous_6)","decl":{"start":{"line":50,"column":2},"end":{"line":50,"column":9}},"loc":{"start":{"line":50,"column":9},"end":{"line":57,"column":3}}},"5":{"name":"(anonymous_7)","decl":{"start":{"line":59,"column":2},"end":{"line":59,"column":7}},"loc":{"start":{"line":59,"column":26},"end":{"line":72,"column":3}}},"6":{"name":"(anonymous_8)","decl":{"start":{"line":76,"column":2},"end":{"line":76,"column":7}},"loc":{"start":{"line":76,"column":25},"end":{"line":84,"column":3}}}},"branchMap":{"0":{"loc":{"start":{"line":19,"column":4},"end":{"line":21,"column":5}},"type":"if","locations":[{"start":{"line":19,"column":4},"end":{"line":21,"column":5}}]},"1":{"loc":{"start":{"line":27,"column":4},"end":{"line":29,"column":5}},"type":"if","locations":[{"start":{"line":27,"column":4},"end":{"line":29,"column":5}}]},"2":{"loc":{"start":{"line":68,"column":4},"end":{"line":70,"column":5}},"type":"if","locations":[{"start":{"line":68,"column":4},"end":{"line":70,"column":5}}]}},"s":{"0":2,"1":2,"2":2,"3":8,"4":3,"5":3,"6":3,"7":3,"8":1,"9":2,"10":2,"11":1,"12":1,"13":1,"14":1,"15":4,"16":4,"17":2,"18":2,"19":2,"20":1,"21":2,"22":2},"f":{"0":8,"1":3,"2":3,"3":1,"4":1,"5":4,"6":2},"b":{"0":[1],"1":[1],"2":[2]}}
,"C:\\Users\\intel\\CascadeProjects\\thai-official-prep-api\\src\\questions\\dto\\create-choice.dto.ts": {"path":"C:\\Users\\intel\\CascadeProjects\\thai-official-prep-api\\src\\questions\\dto\\create-choice.dto.ts","statementMap":{"0":{"start":{"line":1,"column":0},"end":{"line":1,"column":66}},"1":{"start":{"line":3,"column":0},"end":{"line":3,"column":13}},"2":{"start":{"line":6,"column":2},"end":{"line":6,"column":null}},"3":{"start":{"line":9,"column":2},"end":{"line":9,"column":null}}},"fnMap":{},"branchMap":{},"s":{"0":1,"1":1,"2":1,"3":1},"f":{},"b":{}}
,"C:\\Users\\intel\\CascadeProjects\\thai-official-prep-api\\src\\questions\\dto\\create-question.dto.ts": {"path":"C:\\Users\\intel\\CascadeProjects\\thai-official-prep-api\\src\\questions\\dto\\create-question.dto.ts","statementMap":{"0":{"start":{"line":1,"column":0},"end":{"line":1,"column":null}},"1":{"start":{"line":9,"column":0},"end":{"line":9,"column":41}},"2":{"start":{"line":10,"column":0},"end":{"line":10,"column":54}},"3":{"start":{"line":12,"column":0},"end":{"line":12,"column":13}},"4":{"start":{"line":15,"column":2},"end":{"line":15,"column":null}},"5":{"start":{"line":19,"column":2},"end":{"line":19,"column":null}},"6":{"start":{"line":23,"column":2},"end":{"line":23,"column":null}},"7":{"start":{"line":29,"column":2},"end":{"line":29,"column":null}},"8":{"start":{"line":28,"column":14},"end":{"line":28,"column":29}}},"fnMap":{"0":{"name":"(anonymous_2)","decl":{"start":{"line":28,"column":8},"end":{"line":28,"column":11}},"loc":{"start":{"line":28,"column":14},"end":{"line":28,"column":29}}}},"branchMap":{},"s":{"0":1,"1":1,"2":1,"3":1,"4":1,"5":1,"6":1,"7":1,"8":0},"f":{"0":0},"b":{}}
,"C:\\Users\\intel\\CascadeProjects\\thai-official-prep-api\\src\\questions\\dto\\update-question.dto.ts": {"path":"C:\\Users\\intel\\CascadeProjects\\thai-official-prep-api\\src\\questions\\dto\\update-question.dto.ts","statementMap":{"0":{"start":{"line":1,"column":0},"end":{"line":1,"column":51}},"1":{"start":{"line":2,"column":0},"end":{"line":2,"column":58}},"2":{"start":{"line":4,"column":0},"end":{"line":4,"column":13}}},"fnMap":{},"branchMap":{},"s":{"0":0,"1":0,"2":0},"f":{},"b":{}}
,"C:\\Users\\intel\\CascadeProjects\\thai-official-prep-api\\src\\scripts\\reset-admin-password.ts": {"path":"C:\\Users\\intel\\CascadeProjects\\thai-official-prep-api\\src\\scripts\\reset-admin-password.ts","statementMap":{"0":{"start":{"line":1,"column":0},"end":{"line":1,"column":46}},"1":{"start":{"line":2,"column":0},"end":{"line":2,"column":33}},"2":{"start":{"line":4,"column":15},"end":{"line":4,"column":33}},"3":{"start":{"line":7,"column":16},"end":{"line":7,"column":35}},"4":{"start":{"line":8,"column":22},"end":{"line":8,"column":32}},"5":{"start":{"line":11,"column":21},"end":{"line":11,"column":23}},"6":{"start":{"line":12,"column":25},"end":{"line":12,"column":67}},"7":{"start":{"line":15,"column":2},"end":{"line":25,"column":3}},"8":{"start":{"line":16,"column":24},"end":{"line":19,"column":6}},"9":{"start":{"line":20,"column":4},"end":{"line":20,"column":80}},"10":{"start":{"line":22,"column":4},"end":{"line":22,"column":66}},"11":{"start":{"line":23,"column":4},"end":{"line":23,"column":89}},"12":{"start":{"line":24,"column":4},"end":{"line":24,"column":73}},"13":{"start":{"line":28,"column":0},"end":{"line":35,"column":5}},"14":{"start":{"line":30,"column":4},"end":{"line":30,"column":21}},"15":{"start":{"line":31,"column":4},"end":{"line":31,"column":20}},"16":{"start":{"line":34,"column":4},"end":{"line":34,"column":31}}},"fnMap":{"0":{"name":"main","decl":{"start":{"line":6,"column":15},"end":{"line":6,"column":19}},"loc":{"start":{"line":6,"column":19},"end":{"line":26,"column":1}}},"1":{"name":"(anonymous_1)","decl":{"start":{"line":29,"column":9},"end":{"line":29,"column":10}},"loc":{"start":{"line":29,"column":15},"end":{"line":32,"column":3}}},"2":{"name":"(anonymous_2)","decl":{"start":{"line":33,"column":11},"end":{"line":33,"column":16}},"loc":{"start":{"line":33,"column":22},"end":{"line":35,"column":3}}}},"branchMap":{},"s":{"0":0,"1":0,"2":0,"3":0,"4":0,"5":0,"6":0,"7":0,"8":0,"9":0,"10":0,"11":0,"12":0,"13":0,"14":0,"15":0,"16":0},"f":{"0":0,"1":0,"2":0},"b":{}}
,"C:\\Users\\intel\\CascadeProjects\\thai-official-prep-api\\src\\subjects\\subjects.controller.ts": {"path":"C:\\Users\\intel\\CascadeProjects\\thai-official-prep-api\\src\\subjects\\subjects.controller.ts","statementMap":{"0":{"start":{"line":1,"column":0},"end":{"line":1,"column":94}},"1":{"start":{"line":2,"column":0},"end":{"line":2,"column":53}},"2":{"start":{"line":3,"column":0},"end":{"line":3,"column":60}},"3":{"start":{"line":4,"column":0},"end":{"line":4,"column":60}},"4":{"start":{"line":5,"column":0},"end":{"line":5,"column":58}},"5":{"start":{"line":6,"column":0},"end":{"line":6,"column":61}},"6":{"start":{"line":7,"column":0},"end":{"line":7,"column":38}},"7":{"start":{"line":8,"column":0},"end":{"line":8,"column":46}},"8":{"start":{"line":9,"column":0},"end":{"line":9,"column":61}},"9":{"start":{"line":13,"column":7},"end":{"line":45,"column":null}},"10":{"start":{"line":14,"column":31},"end":{"line":14,"column":48}},"11":{"start":{"line":19,"column":4},"end":{"line":19,"column":57}},"12":{"start":{"line":25,"column":4},"end":{"line":25,"column":42}},"13":{"start":{"line":31,"column":4},"end":{"line":31,"column":44}},"14":{"start":{"line":37,"column":4},"end":{"line":37,"column":61}},"15":{"start":{"line":43,"column":4},"end":{"line":43,"column":43}},"16":{"start":{"line":13,"column":13},"end":{"line":13,"column":31}},"17":{"start":{"line":18,"column":2},"end":{"line":20,"column":null}},"18":{"start":{"line":24,"column":2},"end":{"line":26,"column":null}},"19":{"start":{"line":30,"column":2},"end":{"line":32,"column":null}},"20":{"start":{"line":36,"column":2},"end":{"line":38,"column":null}},"21":{"start":{"line":42,"column":2},"end":{"line":44,"column":null}},"22":{"start":{"line":13,"column":13},"end":{"line":45,"column":null}}},"fnMap":{"0":{"name":"(anonymous_4)","decl":{"start":{"line":14,"column":2},"end":{"line":14,"column":31}},"loc":{"start":{"line":14,"column":63},"end":{"line":14,"column":67}}},"1":{"name":"(anonymous_5)","decl":{"start":{"line":18,"column":2},"end":{"line":18,"column":8}},"loc":{"start":{"line":18,"column":51},"end":{"line":20,"column":3}}},"2":{"name":"(anonymous_6)","decl":{"start":{"line":24,"column":2},"end":{"line":24,"column":9}},"loc":{"start":{"line":24,"column":9},"end":{"line":26,"column":3}}},"3":{"name":"(anonymous_7)","decl":{"start":{"line":30,"column":2},"end":{"line":30,"column":9}},"loc":{"start":{"line":30,"column":33},"end":{"line":32,"column":3}}},"4":{"name":"(anonymous_8)","decl":{"start":{"line":36,"column":2},"end":{"line":36,"column":8}},"loc":{"start":{"line":36,"column":76},"end":{"line":38,"column":3}}},"5":{"name":"(anonymous_9)","decl":{"start":{"line":42,"column":2},"end":{"line":42,"column":8}},"loc":{"start":{"line":42,"column":32},"end":{"line":44,"column":3}}}},"branchMap":{},"s":{"0":0,"1":0,"2":0,"3":0,"4":0,"5":0,"6":0,"7":0,"8":0,"9":0,"10":0,"11":0,"12":0,"13":0,"14":0,"15":0,"16":0,"17":0,"18":0,"19":0,"20":0,"21":0,"22":0},"f":{"0":0,"1":0,"2":0,"3":0,"4":0,"5":0},"b":{}}
,"C:\\Users\\intel\\CascadeProjects\\thai-official-prep-api\\src\\subjects\\subjects.module.ts": {"path":"C:\\Users\\intel\\CascadeProjects\\thai-official-prep-api\\src\\subjects\\subjects.module.ts","statementMap":{"0":{"start":{"line":1,"column":0},"end":{"line":1,"column":40}},"1":{"start":{"line":2,"column":0},"end":{"line":2,"column":53}},"2":{"start":{"line":3,"column":0},"end":{"line":3,"column":59}},"3":{"start":{"line":4,"column":0},"end":{"line":4,"column":56}},"4":{"start":{"line":11,"column":7},"end":{"line":11,"column":null}},"5":{"start":{"line":11,"column":13},"end":{"line":11,"column":27}},"6":{"start":{"line":11,"column":13},"end":{"line":11,"column":null}}},"fnMap":{},"branchMap":{},"s":{"0":0,"1":0,"2":0,"3":0,"4":0,"5":0,"6":0},"f":{},"b":{}}
[...]
},"16":{"start":{"line":42,"column":4},"end":{"line":49,"column":5}},"17":{"start":{"line":43,"column":6},"end":{"line":43,"column":65}},"18":{"start":{"line":45,"column":6},"end":{"line":47,"column":7}},"19":{"start":{"line":46,"column":8},"end":{"line":46,"column":72}},"20":{"start":{"line":48,"column":6},"end":{"line":48,"column":18}},"21":{"start":{"line":8,"column":13},"end":{"line":8,"column":28}},"22":{"start":{"line":8,"column":13},"end":{"line":51,"column":null}}},"fnMap":{"0":{"name":"(anonymous_2)","decl":{"start":{"line":9,"column":2},"end":{"line":9,"column":22}},"loc":{"start":{"line":9,"column":43},"end":{"line":9,"column":47}}},"1":{"name":"(anonymous_3)","decl":{"start":{"line":11,"column":2},"end":{"line":11,"column":8}},"loc":{"start":{"line":11,"column":43},"end":{"line":13,"column":3}}},"2":{"name":"(anonymous_4)","decl":{"start":{"line":15,"column":2},"end":{"line":15,"column":9}},"loc":{"start":{"line":15,"column":9},"end":{"line":17,"column":3}}},"3":{"name":"(anonymous_5)","decl":{"start":{"line":19,"column":2},"end":{"line":19,"column":7}},"loc":{"start":{"line":19,"column":26},"end":{"line":25,"column":3}}},"4":{"name":"(anonymous_6)","decl":{"start":{"line":27,"column":2},"end":{"line":27,"column":7}},"loc":{"start":{"line":27,"column":61},"end":{"line":39,"column":3}}},"5":{"name":"(anonymous_7)","decl":{"start":{"line":41,"column":2},"end":{"line":41,"column":7}},"loc":{"start":{"line":41,"column":25},"end":{"line":50,"column":3}}}},"branchMap":{"0":{"loc":{"start":{"line":21,"column":4},"end":{"line":23,"column":5}},"type":"if","locations":[{"start":{"line":21,"column":4},"end":{"line":23,"column":5}}]},"1":{"loc":{"start":{"line":34,"column":6},"end":{"line":36,"column":7}},"type":"if","locations":[{"start":{"line":34,"column":6},"end":{"line":36,"column":7}}]},"2":{"loc":{"start":{"line":34,"column":10},"end":{"line":34,"column":89}},"type":"binary-expr","locations":[{"start":{"line":34,"column":10},"end":{"line":34,"column":63}},{"start":{"line":34,"column":67},"end":{"line":34,"column":89}}]},"3":{"loc":{"start":{"line":45,"column":6},"end":{"line":47,"column":7}},"type":"if","locations":[{"start":{"line":45,"column":6},"end":{"line":47,"column":7}}]},"4":{"loc":{"start":{"line":45,"column":10},"end":{"line":45,"column":89}},"type":"binary-expr","locations":[{"start":{"line":45,"column":10},"end":{"line":45,"column":63}},{"start":{"line":45,"column":67},"end":{"line":45,"column":89}}]}},"s":{"0":0,"1":0,"2":0,"3":0,"4":0,"5":0,"6":0,"7":0,"8":0,"9":0,"10":0,"11":0,"12":0,"13":0,"14":0,"15":0,"16":0,"17":0,"18":0,"19":0,"20":0,"21":0,"22":0},"f":{"0":0,"1":0,"2":0,"3":0,"4":0,"5":0},"b":{"0":[0],"1":[0],"2":[0,0],"3":[0],"4":[0,0]}}
,"C:\\Users\\intel\\CascadeProjects\\thai-official-prep-api\\src\\subjects\\dto\\create-subject.dto.ts": {"path":"C:\\Users\\intel\\CascadeProjects\\thai-official-prep-api\\src\\subjects\\dto\\create-subject.dto.ts","statementMap":{"0":{"start":{"line":1,"column":0},"end":{"line":1,"column":55}},"1":{"start":{"line":3,"column":0},"end":{"line":3,"column":13}},"2":{"start":{"line":6,"column":2},"end":{"line":6,"column":null}}},"fnMap":{},"branchMap":{},"s":{"0":0,"1":0,"2":0},"f":{},"b":{}}
,"C:\\Users\\intel\\CascadeProjects\\thai-official-prep-api\\src\\subjects\\dto\\update-subject.dto.ts": {"path":"C:\\Users\\intel\\CascadeProjects\\thai-official-prep-api\\src\\subjects\\dto\\update-subject.dto.ts","statementMap":{"0":{"start":{"line":1,"column":0},"end":{"line":1,"column":51}},"1":{"start":{"line":2,"column":0},"end":{"line":2,"column":56}},"2":{"start":{"line":4,"column":0},"end":{"line":4,"column":13}}},"fnMap":{},"branchMap":{},"s":{"0":0,"1":0,"2":0},"f":{},"b":{}}
,"C:\\Users\\intel\\CascadeProjects\\thai-official-prep-api\\src\\subjects\\entities\\subject.entity.ts": {"path":"C:\\Users\\intel\\CascadeProjects\\thai-official-prep-api\\src\\subjects\\entities\\subject.entity.ts","statementMap":{"0":{"start":{"line":1,"column":0},"end":{"line":1,"column":13}}},"fnMap":{},"branchMap":{},"s":{"0":0},"f":{},"b":{}}
,"C:\\Users\\intel\\CascadeProjects\\thai-official-prep-api\\src\\subscriptions\\subscriptions.controller.ts": {"path":"C:\\Users\\intel\\CascadeProjects\\thai-official-prep-api\\src\\subscriptions\\subscriptions.controller.ts","statementMap":{"0":{"start":{"line":1,"column":0},"end":{"line":1,"column":56}},"1":{"start":{"line":2,"column":0},"end":{"line":2,"column":63}},"2":{"start":{"line":3,"column":0},"end":{"line":3,"column":70}},"3":{"start":{"line":7,"column":7},"end":{"line":36,"column":null}},"4":{"start":{"line":8,"column":31},"end":{"line":8,"column":53}},"5":{"start":{"line":12,"column":4},"end":{"line":12,"column":67}},"6":{"start":{"line":7,"column":13},"end":{"line":7,"column":36}},"7":{"start":{"line":11,"column":2},"end":{"line":13,"column":null}},"8":{"start":{"line":7,"column":13},"end":{"line":36,"column":null}}},"fnMap":{"0":{"name":"(anonymous_4)","decl":{"start":{"line":8,"column":2},"end":{"line":8,"column":31}},"loc":{"start":{"line":8,"column":73},"end":{"line":8,"column":77}}},"1":{"name":"(anonymous_5)","decl":{"start":{"line":11,"column":2},"end":{"line":11,"column":8}},"loc":{"start":{"line":11,"column":61},"end":{"line":13,"column":3}}}},"branchMap":{},"s":{"0":0,"1":0,"2":0,"3":0,"4":0,"5":0,"6":0,"7":0,"8":0},"f":{"0":0,"1":0},"b":{}}
,"C:\\Users\\intel\\CascadeProjects\\thai-official-prep-api\\src\\subscriptions\\subscriptions.module.ts": {"path":"C:\\Users\\intel\\CascadeProjects\\thai-official-prep-api\\src\\subscriptions\\subscriptions.module.ts","statementMap":{"0":{"start":{"line":1,"column":0},"end":{"line":1,"column":40}},"1":{"start":{"line":2,"column":0},"end":{"line":2,"column":63}},"2":{"start":{"line":3,"column":0},"end":{"line":3,"column":69}},"3":{"start":{"line":4,"column":0},"end":{"line":4,"column":53}},"4":{"start":{"line":5,"column":0},"end":{"line":5,"column":56}},"5":{"start":{"line":12,"column":7},"end":{"line":12,"column":null}},"6":{"start":{"line":12,"column":13},"end":{"line":12,"column":32}},"7":{"start":{"line":12,"column":13},"end":{"line":12,"column":null}}},"fnMap":{},"branchMap":{},"s":{"0":0,"1":0,"2":0,"3":0,"4":0,"5":0,"6":0,"7":0},"f":{},"b":{}}
,"C:\\Users\\intel\\CascadeProjects\\thai-official-prep-api\\src\\subscriptions\\subscriptions.service.ts": {"path":"C:\\Users\\intel\\CascadeProjects\\thai-official-prep-api\\src\\subscriptions\\subscriptions.service.ts","statementMap":{"0":{"start":{"line":1,"column":0},"end":{"line":1,"column":63}},"1":{"start":{"line":2,"column":0},"end":{"line":2,"column":57}},"2":{"start":{"line":6,"column":7},"end":{"line":46,"column":null}},"3":{"start":{"line":7,"column":31},"end":{"line":7,"column":39}},"4":{"start":{"line":10,"column":29},"end":{"line":10,"column":50}},"5":{"start":{"line":16,"column":22},"end":{"line":16,"column":32}},"6":{"start":{"line":17,"column":31},"end":{"line":17,"column":35}},"7":{"start":{"line":18,"column":4},"end":{"line":26,"column":5}},"8":{"start":{"line":19,"column":6},"end":{"line":19,"column":36}},"9":{"start":{"line":20,"column":6},"end":{"line":20,"column":47}},"10":{"start":{"line":21,"column":11},"end":{"line":26,"column":5}},"11":{"start":{"line":22,"column":6},"end":{"line":22,"column":36}},"12":{"start":{"line":23,"column":6},"end":{"line":23,"column":53}},"13":{"start":{"line":24,"column":11},"end":{"line":26,"column":5}},"14":{"start":{"line":25,"column":6},"end":{"line":25,"column":21}},"15":{"start":{"line":29,"column":4},"end":{"line":44,"column":5}},"16":{"start":{"line":30,"column":6},"end":{"line":38,"column":9}},"17":{"start":{"line":40,"column":6},"end":{"line":42,"column":7}},"18":{"start":{"line":41,"column":8},"end":{"line":41,"column":90}},"19":{"start":{"line":43,"column":6},"end":{"line":43,"column":18}},"20":{"start":{"line":6,"column":13},"end":{"line":6,"column":33}},"21":{"start":{"line":6,"column":13},"end":{"line":46,"column":null}}},"fnMap":{"0":{"name":"(anonymous_2)","decl":{"start":{"line":7,"column":2},"end":{"line":7,"column":31}},"loc":{"start":{"line":7,"column":52},"end":{"line":7,"column":56}}},"1":{"name":"(anonymous_3)","decl":{"start":{"line":9,"column":2},"end":{"line":9,"column":7}},"loc":{"start":{"line":9,"column":59},"end":{"line":45,"column":3}}}},"branchMap":{"0":{"loc":{"start":{"line":18,"column":4},"end":{"line":26,"column":5}},"type":"if","locations":[{"start":{"line":18,"column":4},"end":{"line":26,"column":5}},{"start":{"line":21,"column":11},"end":{"line":26,"column":5}}]},"1":{"loc":{"start":{"line":21,"column":11},"end":{"line":26,"column":5}},"type":"if","locations":[{"start":{"line":21,"column":11},"end":{"line":26,"column":5}},{"start":{"line":24,"column":11},"end":{"line":26,"column":5}}]},"2":{"loc":{"start":{"line":24,"column":11},"end":{"line":26,"column":5}},"type":"if","locations":[{"start":{"line":24,"column":11},"end":{"line":26,"column":5}}]},"3":{"loc":{"start":{"line":40,"column":6},"end":{"line":42,"column":7}},"type":"if","locations":[{"start":{"line":40,"column":6},"end":{"line":42,"column":7}}]}},"s":{"0":0,"1":0,"2":0,"3":0,"4":0,"5":0,"6":0,"7":0,"8":0,"9":0,"10":0,"11":0,"12":0,"13":0,"14":0,"15":0,"16":0,"17":0,"18":0,"19":0,"20":0,"21":0},"f":{"0":0,"1":0},"b":{"0":[0,0],"1":[0,0],"2":[0],"3":[0]}}
,"C:\\Users\\intel\\CascadeProjects\\thai-official-prep-api\\src\\subscriptions\\dto\\create-subscription.dto.ts": {"path":"C:\\Users\\intel\\CascadeProjects\\thai-official-prep-api\\src\\subscriptions\\dto\\create-subscription.dto.ts","statementMap":{"0":{"start":{"line":3,"column":0},"end":{"line":3,"column":61}},"1":{"start":{"line":5,"column":0},"end":{"line":5,"column":13}},"2":{"start":{"line":8,"column":2},"end":{"line":8,"column":null}},"3":{"start":{"line":13,"column":2},"end":{"line":13,"column":null}}},"fnMap":{},"branchMap":{},"s":{"0":0,"1":0,"2":0,"3":0},"f":{},"b":{}}
,"C:\\Users\\intel\\CascadeProjects\\thai-official-prep-api\\src\\subscriptions\\dto\\update-subscription.dto.ts": {"path":"C:\\Users\\intel\\CascadeProjects\\thai-official-prep-api\\src\\subscriptions\\dto\\update-subscription.dto.ts","statementMap":{"0":{"start":{"line":1,"column":0},"end":{"line":1,"column":51}},"1":{"start":{"line":2,"column":0},"end":{"line":2,"column":66}},"2":{"start":{"line":4,"column":0},"end":{"line":4,"column":13}}},"fnMap":{},"branchMap":{},"s":{"0":0,"1":0,"2":0},"f":{},"b":{}}
,"C:\\Users\\intel\\CascadeProjects\\thai-official-prep-api\\src\\subscriptions\\entities\\subscription.entity.ts": {"path":"C:\\Users\\intel\\CascadeProjects\\thai-official-prep-api\\src\\subscriptions\\entities\\subscription.entity.ts","statementMap":{"0":{"start":{"line":1,"column":0},"end":{"line":1,"column":13}}},"fnMap":{},"branchMap":{},"s":{"0":0},"f":{},"b":{}}
,"C:\\Users\\intel\\CascadeProjects\\thai-official-prep-api\\src\\users\\users.controller.ts": {"path":"C:\\Users\\intel\\CascadeProjects\\thai-official-prep-api\\src\\users\\users.controller.ts","statementMap":{"0":{"start":{"line":1,"column":0},"end":{"line":1,"column":null}},"1":{"start":{"line":14,"column":0},"end":{"line":14,"column":45}},"2":{"start":{"line":15,"column":0},"end":{"line":15,"column":47}},"3":{"start":{"line":16,"column":0},"end":{"line":16,"column":54}},"4":{"start":{"line":17,"column":0},"end":{"line":17,"column":54}},"5":{"start":{"line":18,"column":0},"end":{"line":18,"column":59}},"6":{"start":{"line":19,"column":0},"end":{"line":19,"column":38}},"7":{"start":{"line":20,"column":0},"end":{"line":20,"column":56}},"8":{"start":{"line":23,"column":7},"end":{"line":67,"column":null}},"9":{"start":{"line":24,"column":31},"end":{"line":24,"column":45}},"10":{"start":{"line":29,"column":4},"end":{"line":29,"column":51}},"11":{"start":{"line":36,"column":4},"end":{"line":36,"column":39}},"12":{"start":{"line":42,"column":4},"end":{"line":42,"column":54}},"13":{"start":{"line":50,"column":4},"end":{"line":50,"column":41}},"14":{"start":{"line":57,"column":4},"end":{"line":57,"column":55}},"15":{"start":{"line":65,"column":4},"end":{"line":65,"column":40}},"16":{"start":{"line":23,"column":13},"end":{"line":23,"column":28}},"17":{"start":{"line":28,"column":2},"end":{"line":30,"column":null}},"18":{"start":{"line":35,"column":2},"end":{"line":37,"column":null}},"19":{"start":{"line":41,"column":2},"end":{"line":43,"column":null}},"20":{"start":{"line":49,"column":2},"end":{"line":51,"column":null}},"21":{"start":{"line":56,"column":2},"end":{"line":58,"column":null}},"22":{"start":{"line":64,"column":2},"end":{"line":66,"column":null}},"23":{"start":{"line":23,"column":13},"end":{"line":67,"column":null}}},"fnMap":{"0":{"name":"(anonymous_4)","decl":{"start":{"line":24,"column":2},"end":{"line":24,"column":31}},"loc":{"start":{"line":24,"column":57},"end":{"line":24,"column":61}}},"1":{"name":"(anonymous_5)","decl":{"start":{"line":28,"column":2},"end":{"line":28,"column":8}},"loc":{"start":{"line":28,"column":45},"end":{"line":30,"column":3}}},"2":{"name":"(anonymous_6)","decl":{"start":{"line":35,"column":2},"end":{"line":35,"column":9}},"loc":{"start":{"line":35,"column":9},"end":{"line":37,"column":3}}},"3":{"name":"(anonymous_7)","decl":{"start":{"line":41,"column":2},"end":{"line":41,"column":12}},"loc":{"start":{"line":41,"column":27},"end":{"line":43,"column":3}}},"4":{"name":"(anonymous_8)","decl":{"start":{"line":49,"column":2},"end":{"line":49,"column":9}},"loc":{"start":{"line":49,"column":33},"end":{"line":51,"column":3}}},"5":{"name":"(anonymous_9)","decl":{"start":{"line":56,"column":2},"end":{"line":56,"column":8}},"loc":{"start":{"line":56,"column":70},"end":{"line":58,"column":3}}},"6":{"name":"(anonymous_10)","decl":{"start":{"line":64,"column":2},"end":{"line":64,"column":8}},"loc":{"start":{"line":64,"column":32},"end":{"line":66,"column":3}}}},"branchMap":{},"s":{"0":0,"1":0,"2":0,"3":0,"4":0,"5":0,"6":0,"7":0,"8":0,"9":0,"10":0,"11":0,"12":0,"13":0,"14":0,"15":0,"16":0,"17":0,"18":0,"19":0,"20":0,"21":0,"22":0,"23":0},"f":{"0":0,"1":0,"2":0,"3":0,"4":0,"5":0,"6":0},"b":{}}
,"C:\\Users\\intel\\CascadeProjects\\thai-official-prep-api\\src\\users\\users.module.ts": {"path":"C:\\Users\\intel\\CascadeProjects\\thai-official-prep-api\\src\\users\\users.module.ts","statementMap":{"0":{"start":{"line":1,"column":0},"end":{"line":1,"column":52}},"1":{"start":{"line":2,"column":0},"end":{"line":2,"column":47}},"2":{"start":{"line":3,"column":0},"end":{"line":3,"column":53}},"3":{"start":{"line":4,"column":0},"end":{"line":4,"column":55}},"4":{"start":{"line":6,"column":0},"end":{"line":6,"column":49}},"5":{"start":{"line":14,"column":7},"end":{"line":14,"column":null}},"6":{"start":{"line":14,"column":13},"end":{"line":14,"column":24}},"7":{"start":{"line":14,"column":13},"end":{"line":14,"column":null}},"8":{"start":{"line":9,"column":43},"end":{"line":9,"column":53}}},"fnMap":{"0":{"name":"(anonymous_1)","decl":{"start":{"line":9,"column":37},"end":{"line":9,"column":40}},"loc":{"start":{"line":9,"column":43},"end":{"line":9,"column":53}}}},"branchMap":{},"s":{"0":0,"1":0,"2":0,"3":0,"4":0,"5":0,"6":0,"7":0,"8":0},"f":{"0":0},"b":{}}
,"C:\\Users\\intel\\CascadeProjects\\thai-official-prep-api\\src\\users\\users.service.ts": {"path":"C:\\Users\\intel\\CascadeProjects\\thai-official-prep-api\\src\\users\\users.service.ts","statementMap":{"0":{"start":{"line":1,"column":0},"end":{"line":1,"column":63}},"1":{"start":{"line":2,"column":0},"end":{"line":2,"column":57}},"2":{"start":{"line":5,"column":0},"end":{"line":5,"column":33}},"3":{"start":{"line":8,"column":7},"end":{"line":89,"column":null}},"4":{"start":{"line":9,"column":22},"end":{"line":9,"column":30}},"5":{"start":{"line":12,"column":19},"end":{"line":24,"column":4}},"6":{"start":{"line":27,"column":27},"end":{"line":27,"column":72}},"7":{"start":{"line":28,"column":4},"end":{"line":41,"column":7}},"8":{"start":{"line":45,"column":4},"end":{"line":47,"column":7}},"9":{"start":{"line":51,"column":17},"end":{"line":54,"column":6}},"10":{"start":{"line":55,"column":4},"end":{"line":57,"column":5}},"11":{"start":{"line":56,"column":6},"end":{"line":56,"column":68}},"12":{"start":{"line":58,"column":4},"end":{"line":58,"column":16}},"13":{"start":{"line":63,"column":4},"end":{"line":63,"column":27}},"14":{"start":{"line":65,"column":22},"end":{"line":65,"column":42}},"15":{"start":{"line":67,"column":4},"end":{"line":69,"column":5}},"16":{"start":{"line":68,"column":6},"end":{"line":68,"column":68}},"17":{"start":{"line":71,"column":4},"end":{"line":75,"column":7}},"18":{"start":{"line":80,"column":4},"end":{"line":80,"column":27}},"19":{"start":{"line":81,"column":4},"end":{"line":81,"column":53}},"20":{"start":{"line":82,"column":4},"end":{"line":82,"column":78}},"21":{"start":{"line":87,"column":4},"end":{"line":87,"column":61}},"22":{"start":{"line":8,"column":13},"end":{"line":8,"column":25}},"23":{"start":{"line":8,"column":13},"end":{"line":89,"column":null}}},"fnMap":{"0":{"name":"(anonymous_2)","decl":{"start":{"line":9,"column":2},"end":{"line":9,"column":22}},"loc":{"start":{"line":9,"column":43},"end":{"line":9,"column":47}}},"1":{"name":"(anonymous_3)","decl":{"start":{"line":26,"column":2},"end":{"line":26,"column":7}},"loc":{"start":{"line":26,"column":43},"end":{"line":42,"column":3}}},"2":{"name":"(anonymous_4)","decl":{"start":{"line":44,"column":2},"end":{"line":44,"column":7}},"loc":{"start":{"line":44,"column":15},"end":{"line":48,"column":3}}},"3":{"name":"(anonymous_5)","decl":{"start":{"line":50,"column":2},"end":{"line":50,"column":7}},"loc":{"start":{"line":50,"column":26},"end":{"line":59,"column":3}}},"4":{"name":"(anonymous_6)","decl":{"start":{"line":61,"column":2},"end":{"line":61,"column":7}},"loc":{"start":{"line":61,"column":55},"end":{"line":76,"column":3}}},"5":{"name":"(anonymous_7)","decl":{"start":{"line":78,"column":2},"end":{"line":78,"column":7}},"loc":{"start":{"line":78,"column":25},"end":{"line":83,"column":3}}},"6":{"name":"(anonymous_8)","decl":{"start":{"line":86,"column":2},"end":{"line":86,"column":7}},"loc":{"start":{"line":86,"column":36},"end":{"line":88,"column":3}}}},"branchMap":{"0":{"loc":{"start":{"line":55,"column":4},"end":{"line":57,"column":5}},"type":"if","locations":[{"start":{"line":55,"column":4},"end":{"line":57,"column":5}}]},"1":{"loc":{"start":{"line":67,"column":4},"end":{"line":69,"column":5}},"type":"if","locations":[{"start":{"line":67,"column":4},"end":{"line":69,"column":5}}]}},"s":{"0":0,"1":0,"2":0,"3":0,"4":0,"5":0,"6":0,"7":0,"8":0,"9":0,"10":0,"11":0,"12":0,"13":0,"14":0,"15":0,"16":0,"17":0,"18":0,"19":0,"20":0,"21":0,"22":0,"23":0},"f":{"0":0,"1":0,"2":0,"3":0,"4":0,"5":0,"6":0},"b":{"0":[0],"1":[0]}}
,"C:\\Users\\intel\\CascadeProjects\\thai-official-prep-api\\src\\users\\dto\\create-user.dto.ts": {"path":"C:\\Users\\intel\\CascadeProjects\\thai-official-prep-api\\src\\users\\dto\\create-user.dto.ts","statementMap":{"0":{"start":{"line":1,"column":0},"end":{"line":1,"column":95}},"1":{"start":{"line":2,"column":0},"end":{"line":2,"column":38}},"2":{"start":{"line":4,"column":0},"end":{"line":4,"column":13}},"3":{"start":{"line":7,"column":2},"end":{"line":7,"column":null}},"4":{"start":{"line":12,"column":2},"end":{"line":12,"column":null}},"5":{"start":{"line":16,"column":2},"end":{"line":16,"column":null}},"6":{"start":{"line":20,"column":2},"end":{"line":20,"column":null}},"7":{"start":{"line":24,"column":2},"end":{"line":24,"column":null}}},"fnMap":{},"branchMap":{},"s":{"0":0,"1":0,"2":0,"3":0,"4":0,"5":0,"6":0,"7":0},"f":{},"b":{}}
,"C:\\Users\\intel\\CascadeProjects\\thai-official-prep-api\\src\\users\\dto\\update-user.dto.ts": {"path":"C:\\Users\\intel\\CascadeProjects\\thai-official-prep-api\\src\\users\\dto\\update-user.dto.ts","statementMap":{"0":{"start":{"line":1,"column":0},"end":{"line":1,"column":51}},"1":{"start":{"line":2,"column":0},"end":{"line":2,"column":50}},"2":{"start":{"line":4,"column":0},"end":{"line":4,"column":13}}},"fnMap":{},"branchMap":{},"s":{"0":0,"1":0,"2":0},"f":{},"b":{}}
}
