{"total": {"lines":{"total":633,"covered":216,"skipped":0,"pct":34.12},"statements":{"total":719,"covered":246,"skipped":0,"pct":34.21},"functions":{"total":121,"covered":45,"skipped":0,"pct":37.19},"branches":{"total":63,"covered":13,"skipped":0,"pct":20.63},"branchesTrue":{"total":0,"covered":0,"skipped":0,"pct":100}}
,"C:\\Users\\intel\\CascadeProjects\\thai-official-prep-api\\src\\app.controller.ts": {"lines":{"total":6,"covered":0,"skipped":0,"pct":0},"functions":{"total":2,"covered":0,"skipped":0,"pct":0},"statements":{"total":8,"covered":0,"skipped":0,"pct":0},"branches":{"total":0,"covered":0,"skipped":0,"pct":100}}
,"C:\\Users\\intel\\CascadeProjects\\thai-official-prep-api\\src\\app.module.ts": {"lines":{"total":13,"covered":0,"skipped":0,"pct":0},"functions":{"total":0,"covered":0,"skipped":0,"pct":100},"statements":{"total":15,"covered":0,"skipped":0,"pct":0},"branches":{"total":0,"covered":0,"skipped":0,"pct":100}}
,"C:\\Users\\intel\\CascadeProjects\\thai-official-prep-api\\src\\app.service.ts": {"lines":{"total":3,"covered":0,"skipped":0,"pct":0},"functions":{"total":1,"covered":0,"skipped":0,"pct":0},"statements":{"total":5,"covered":0,"skipped":0,"pct":0},"branches":{"total":0,"covered":0,"skipped":0,"pct":100}}
,"C:\\Users\\intel\\CascadeProjects\\thai-official-prep-api\\src\\main.ts": {"lines":{"total":21,"covered":0,"skipped":0,"pct":0},"functions":{"total":1,"covered":0,"skipped":0,"pct":0},"statements":{"total":21,"covered":0,"skipped":0,"pct":0},"branches":{"total":3,"covered":0,"skipped":0,"pct":0}}
,"C:\\Users\\intel\\CascadeProjects\\thai-official-prep-api\\src\\announcements\\announcements.controller.ts": {"lines":{"total":23,"covered":22,"skipped":0,"pct":95.65},"functions":{"total":6,"covered":6,"skipped":0,"pct":100},"statements":{"total":25,"covered":24,"skipped":0,"pct":96},"branches":{"total":1,"covered":0,"skipped":0,"pct":0}}
,"C:\\Users\\intel\\CascadeProjects\\thai-official-prep-api\\src\\announcements\\announcements.module.ts": {"lines":{"total":5,"covered":0,"skipped":0,"pct":0},"functions":{"total":0,"covered":0,"skipped":0,"pct":100},"statements":{"total":7,"covered":0,"skipped":0,"pct":0},"branches":{"total":0,"covered":0,"skipped":0,"pct":100}}
,"C:\\Users\\intel\\CascadeProjects\\thai-official-prep-api\\src\\announcements\\announcements.service.ts": {"lines":{"total":30,"covered":27,"skipped":0,"pct":90},"functions":{"total":6,"covered":6,"skipped":0,"pct":100},"statements":{"total":32,"covered":29,"skipped":0,"pct":90.62},"branches":{"total":7,"covered":7,"skipped":0,"pct":100}}
,"C:\\Users\\intel\\CascadeProjects\\thai-official-prep-api\\src\\announcements\\dto\\create-announcement.dto.ts": {"lines":{"total":5,"covered":5,"skipped":0,"pct":100},"functions":{"total":0,"covered":0,"skipped":0,"pct":100},"statements":{"total":5,"covered":5,"skipped":0,"pct":100},"branches":{"total":0,"covered":0,"skipped":0,"pct":100}}
,"C:\\Users\\intel\\CascadeProjects\\thai-official-prep-api\\src\\announcements\\dto\\update-announcement.dto.ts": {"lines":{"total":3,"covered":3,"skipped":0,"pct":100},"functions":{"total":0,"covered":0,"skipped":0,"pct":100},"statements":{"total":3,"covered":3,"skipped":0,"pct":100},"branches":{"total":0,"covered":0,"skipped":0,"pct":100}}
,"C:\\Users\\intel\\CascadeProjects\\thai-official-prep-api\\src\\auth\\auth.controller.ts": {"lines":{"total":35,"covered":0,"skipped":0,"pct":0},"functions":{"total":7,"covered":0,"skipped":0,"pct":0},"statements":{"total":37,"covered":0,"skipped":0,"pct":0},"branches":{"total":0,"covered":0,"skipped":0,"pct":100}}
,"C:\\Users\\intel\\CascadeProjects\\thai-official-prep-api\\src\\auth\\auth.guard.ts": {"lines":{"total":15,"covered":0,"skipped":0,"pct":0},"functions":{"total":3,"covered":0,"skipped":0,"pct":0},"statements":{"total":17,"covered":0,"skipped":0,"pct":0},"branches":{"total":7,"covered":0,"skipped":0,"pct":0}}
,"C:\\Users\\intel\\CascadeProjects\\thai-official-prep-api\\src\\auth\\auth.module.ts": {"lines":{"total":10,"covered":0,"skipped":0,"pct":0},"functions":{"total":0,"covered":0,"skipped":0,"pct":100},"statements":{"total":12,"covered":0,"skipped":0,"pct":0},"branches":{"total":0,"covered":0,"skipped":0,"pct":100}}
,"C:\\Users\\intel\\CascadeProjects\\thai-official-prep-api\\src\\auth\\auth.service.ts": {"lines":{"total":64,"covered":29,"skipped":0,"pct":45.31},"functions":{"total":10,"covered":4,"skipped":0,"pct":40},"statements":{"total":66,"covered":31,"skipped":0,"pct":46.96},"branches":{"total":12,"covered":3,"skipped":0,"pct":25}}
,"C:\\Users\\intel\\CascadeProjects\\thai-official-prep-api\\src\\auth\\jwt.strategy.ts": {"lines":{"total":14,"covered":0,"skipped":0,"pct":0},"functions":{"total":2,"covered":0,"skipped":0,"pct":0},"statements":{"total":16,"covered":0,"skipped":0,"pct":0},"branches":{"total":1,"covered":0,"skipped":0,"pct":0}}
,"C:\\Users\\intel\\CascadeProjects\\thai-official-prep-api\\src\\auth\\local.strategy.ts": {"lines":{"total":11,"covered":0,"skipped":0,"pct":0},"functions":{"total":2,"covered":0,"skipped":0,"pct":0},"statements":{"total":13,"covered":0,"skipped":0,"pct":0},"branches":{"total":1,"covered":0,"skipped":0,"pct":0}}
,"C:\\Users\\intel\\CascadeProjects\\thai-official-prep-api\\src\\auth\\decorators\\roles.decorator.ts": {"lines":{"total":3,"covered":3,"skipped":0,"pct":100},"functions":{"total":1,"covered":1,"skipped":0,"pct":100},"statements":{"total":5,"covered":5,"skipped":0,"pct":100},"branches":{"total":0,"covered":0,"skipped":0,"pct":100}}
,"C:\\Users\\intel\\CascadeProjects\\thai-official-prep-api\\src\\auth\\dto\\login-user.dto.ts": {"lines":{"total":4,"covered":0,"skipped":0,"pct":0},"functions":{"total":0,"covered":0,"skipped":0,"pct":100},"statements":{"total":4,"covered":0,"skipped":0,"pct":0},"branches":{"total":0,"covered":0,"skipped":0,"pct":100}}
,"C:\\Users\\intel\\CascadeProjects\\thai-official-prep-api\\src\\auth\\dto\\register-user.dto.ts": {"lines":{"total":4,"covered":0,"skipped":0,"pct":0},"functions":{"total":0,"covered":0,"skipped":0,"pct":100},"statements":{"total":4,"covered":0,"skipped":0,"pct":0},"branches":{"total":0,"covered":0,"skipped":0,"pct":100}}
,"C:\\Users\\intel\\CascadeProjects\\thai-official-prep-api\\src\\auth\\dto\\register.dto.ts": {"lines":{"total":2,"covered":0,"skipped":0,"pct":0},"functions":{"total":0,"covered":0,"skipped":0,"pct":100},"statements":{"total":2,"covered":0,"skipped":0,"pct":0},"branches":{"total":0,"covered":0,"skipped":0,"pct":100}}
,"C:\\Users\\intel\\CascadeProjects\\thai-official-prep-api\\src\\auth\\guards\\jwt-auth.guard.ts": {"lines":{"total":3,"covered":3,"skipped":0,"pct":100},"functions":{"total":0,"covered":0,"skipped":0,"pct":100},"statements":{"total":5,"covered":5,"skipped":0,"pct":100},"branches":{"total":0,"covered":0,"skipped":0,"pct":100}}
,"C:\\Users\\intel\\CascadeProjects\\thai-official-prep-api\\src\\auth\\guards\\roles.guard.ts": {"lines":{"total":12,"covered":4,"skipped":0,"pct":33.33},"functions":{"total":3,"covered":0,"skipped":0,"pct":0},"statements":{"total":15,"covered":6,"skipped":0,"pct":40},"branches":{"total":6,"covered":0,"skipped":0,"pct":0}}
,"C:\\Users\\intel\\CascadeProjects\\thai-official-prep-api\\src\\auth\\strategies\\at.strategy.ts": {"lines":{"total":7,"covered":0,"skipped":0,"pct":0},"functions":{"total":2,"covered":0,"skipped":0,"pct":0},"statements":{"total":9,"covered":0,"skipped":0,"pct":0},"branches":{"total":0,"covered":0,"skipped":0,"pct":100}}
,"C:\\Users\\intel\\CascadeProjects\\thai-official-prep-api\\src\\auth\\strategies\\rt.strategy.ts": {"lines":{"total":9,"covered":0,"skipped":0,"pct":0},"functions":{"total":3,"covered":0,"skipped":0,"pct":0},"statements":{"total":11,"covered":0,"skipped":0,"pct":0},"branches":{"total":0,"covered":0,"skipped":0,"pct":100}}
,"C:\\Users\\intel\\CascadeProjects\\thai-official-prep-api\\src\\common\\decorators\\get-current-user-id.decorator.ts": {"lines":{"total":4,"covered":2,"skipped":0,"pct":50},"functions":{"total":1,"covered":0,"skipped":0,"pct":0},"statements":{"total":4,"covered":2,"skipped":0,"pct":50},"branches":{"total":0,"covered":0,"skipped":0,"pct":100}}
,"C:\\Users\\intel\\CascadeProjects\\thai-official-prep-api\\src\\common\\decorators\\get-current-user.decorator.ts": {"lines":{"total":5,"covered":2,"skipped":0,"pct":40},"functions":{"total":1,"covered":0,"skipped":0,"pct":0},"statements":{"total":6,"covered":2,"skipped":0,"pct":33.33},"branches":{"total":1,"covered":0,"skipped":0,"pct":0}}
,"C:\\Users\\intel\\CascadeProjects\\thai-official-prep-api\\src\\common\\decorators\\index.ts": {"lines":{"total":3,"covered":3,"skipped":0,"pct":100},"functions":{"total":0,"covered":0,"skipped":0,"pct":100},"statements":{"total":3,"covered":3,"skipped":0,"pct":100},"branches":{"total":0,"covered":0,"skipped":0,"pct":100}}
,"C:\\Users\\intel\\CascadeProjects\\thai-official-prep-api\\src\\common\\decorators\\public.decorator.ts": {"lines":{"total":3,"covered":3,"skipped":0,"pct":100},"functions":{"total":1,"covered":0,"skipped":0,"pct":0},"statements":{"total":5,"covered":4,"skipped":0,"pct":80},"branches":{"total":0,"covered":0,"skipped":0,"pct":100}}
,"C:\\Users\\intel\\CascadeProjects\\thai-official-prep-api\\src\\common\\decorators\\roles.decorator.ts": {"lines":{"total":3,"covered":3,"skipped":0,"pct":100},"functions":{"total":1,"covered":1,"skipped":0,"pct":100},"statements":{"total":5,"covered":5,"skipped":0,"pct":100},"branches":{"total":0,"covered":0,"skipped":0,"pct":100}}
,"C:\\Users\\intel\\CascadeProjects\\thai-official-prep-api\\src\\common\\filters\\all-exceptions.filter.ts": {"lines":{"total":10,"covered":0,"skipped":0,"pct":0},"functions":{"total":2,"covered":0,"skipped":0,"pct":0},"statements":{"total":12,"covered":0,"skipped":0,"pct":0},"branches":{"total":4,"covered":0,"skipped":0,"pct":0}}
,"C:\\Users\\intel\\CascadeProjects\\thai-official-prep-api\\src\\common\\guards\\at.guard.ts": {"lines":{"total":10,"covered":0,"skipped":0,"pct":0},"functions":{"total":2,"covered":0,"skipped":0,"pct":0},"statements":{"total":12,"covered":0,"skipped":0,"pct":0},"branches":{"total":1,"covered":0,"skipped":0,"pct":0}}
,"C:\\Users\\intel\\CascadeProjects\\thai-official-prep-api\\src\\common\\guards\\roles.guard.ts": {"lines":{"total":10,"covered":5,"skipped":0,"pct":50},"functions":{"total":3,"covered":1,"skipped":0,"pct":33.33},"statements":{"total":13,"covered":7,"skipped":0,"pct":53.84},"branches":{"total":1,"covered":0,"skipped":0,"pct":0}}
,"C:\\Users\\intel\\CascadeProjects\\thai-official-prep-api\\src\\common\\guards\\rt.guard.ts": {"lines":{"total":3,"covered":0,"skipped":0,"pct":0},"functions":{"total":0,"covered":0,"skipped":0,"pct":100},"statements":{"total":5,"covered":0,"skipped":0,"pct":0},"branches":{"total":0,"covered":0,"skipped":0,"pct":100}}
,"C:\\Users\\intel\\CascadeProjects\\thai-official-prep-api\\src\\positions\\positions.controller.ts": {"lines":{"total":20,"covered":20,"skipped":0,"pct":100},"functions":{"total":6,"covered":6,"skipped":0,"pct":100},"statements":{"total":22,"covered":22,"skipped":0,"pct":100},"branches":{"total":0,"covered":0,"skipped":0,"pct":100}}
,"C:\\Users\\intel\\CascadeProjects\\thai-official-prep-api\\src\\positions\\positions.module.ts": {"lines":{"total":6,"covered":0,"skipped":0,"pct":0},"functions":{"total":0,"covered":0,"skipped":0,"pct":100},"statements":{"total":8,"covered":0,"skipped":0,"pct":0},"branches":{"total":0,"covered":0,"skipped":0,"pct":100}}
,"C:\\Users\\intel\\CascadeProjects\\thai-official-prep-api\\src\\positions\\positions.service.ts": {"lines":{"total":9,"covered":9,"skipped":0,"pct":100},"functions":{"total":6,"covered":6,"skipped":0,"pct":100},"statements":{"total":11,"covered":11,"skipped":0,"pct":100},"branches":{"total":0,"covered":0,"skipped":0,"pct":100}}
,"C:\\Users\\intel\\CascadeProjects\\thai-official-prep-api\\src\\positions\\dto\\create-position.dto.ts": {"lines":{"total":3,"covered":3,"skipped":0,"pct":100},"functions":{"total":0,"covered":0,"skipped":0,"pct":100},"statements":{"total":3,"covered":3,"skipped":0,"pct":100},"branches":{"total":0,"covered":0,"skipped":0,"pct":100}}
,"C:\\Users\\intel\\CascadeProjects\\thai-official-prep-api\\src\\positions\\dto\\update-position.dto.ts": {"lines":{"total":3,"covered":3,"skipped":0,"pct":100},"functions":{"total":0,"covered":0,"skipped":0,"pct":100},"statements":{"total":3,"covered":3,"skipped":0,"pct":100},"branches":{"total":0,"covered":0,"skipped":0,"pct":100}}
,"C:\\Users\\intel\\CascadeProjects\\thai-official-prep-api\\src\\prisma\\prisma.module.ts": {"lines":{"total":3,"covered":0,"skipped":0,"pct":0},"functions":{"total":0,"covered":0,"skipped":0,"pct":100},"statements":{"total":5,"covered":0,"skipped":0,"pct":0},"branches":{"total":0,"covered":0,"skipped":0,"pct":100}}
,"C:\\Users\\intel\\CascadeProjects\\thai-official-prep-api\\src\\prisma\\prisma.service.ts": {"lines":{"total":6,"covered":3,"skipped":0,"pct":50},"functions":{"total":3,"covered":0,"skipped":0,"pct":0},"statements":{"total":8,"covered":5,"skipped":0,"pct":62.5},"branches":{"total":0,"covered":0,"skipped":0,"pct":100}}
,"C:\\Users\\intel\\CascadeProjects\\thai-official-prep-api\\src\\questions\\questions.controller.ts": {"lines":{"total":17,"covered":17,"skipped":0,"pct":100},"functions":{"total":5,"covered":5,"skipped":0,"pct":100},"statements":{"total":19,"covered":19,"skipped":0,"pct":100},"branches":{"total":0,"covered":0,"skipped":0,"pct":100}}
,"C:\\Users\\intel\\CascadeProjects\\thai-official-prep-api\\src\\questions\\questions.module.ts": {"lines":{"total":5,"covered":0,"skipped":0,"pct":0},"functions":{"total":0,"covered":0,"skipped":0,"pct":100},"statements":{"total":7,"covered":0,"skipped":0,"pct":0},"branches":{"total":0,"covered":0,"skipped":0,"pct":100}}
,"C:\\Users\\intel\\CascadeProjects\\thai-official-prep-api\\src\\questions\\questions.service.ts": {"lines":{"total":20,"covered":20,"skipped":0,"pct":100},"functions":{"total":7,"covered":7,"skipped":0,"pct":100},"statements":{"total":23,"covered":23,"skipped":0,"pct":100},"branches":{"total":3,"covered":3,"skipped":0,"pct":100}}
,"C:\\Users\\intel\\CascadeProjects\\thai-official-prep-api\\src\\questions\\dto\\create-choice.dto.ts": {"lines":{"total":4,"covered":4,"skipped":0,"pct":100},"functions":{"total":0,"covered":0,"skipped":0,"pct":100},"statements":{"total":4,"covered":4,"skipped":0,"pct":100},"branches":{"total":0,"covered":0,"skipped":0,"pct":100}}
,"C:\\Users\\intel\\CascadeProjects\\thai-official-prep-api\\src\\questions\\dto\\create-question.dto.ts": {"lines":{"total":9,"covered":8,"skipped":0,"pct":88.88},"functions":{"total":1,"covered":0,"skipped":0,"pct":0},"statements":{"total":9,"covered":8,"skipped":0,"pct":88.88},"branches":{"total":0,"covered":0,"skipped":0,"pct":100}}
,"C:\\Users\\intel\\CascadeProjects\\thai-official-prep-api\\src\\questions\\dto\\update-question.dto.ts": {"lines":{"total":3,"covered":0,"skipped":0,"pct":0},"functions":{"total":0,"covered":0,"skipped":0,"pct":100},"statements":{"total":3,"covered":0,"skipped":0,"pct":0},"branches":{"total":0,"covered":0,"skipped":0,"pct":100}}
,"C:\\Users\\intel\\CascadeProjects\\thai-official-prep-api\\src\\scripts\\reset-admin-password.ts": {"lines":{"total":14,"covered":14,"skipped":0,"pct":100},"functions":{"total":1,"covered":1,"skipped":0,"pct":100},"statements":{"total":14,"covered":14,"skipped":0,"pct":100},"branches":{"total":0,"covered":0,"skipped":0,"pct":100}}
,"C:\\Users\\intel\\CascadeProjects\\thai-official-prep-api\\src\\subjects\\subjects.controller.ts": {"lines":{"total":21,"covered":0,"skipped":0,"pct":0},"functions":{"total":6,"covered":0,"skipped":0,"pct":0},"statements":{"total":23,"covered":0,"skipped":0,"pct":0},"branches":{"total":0,"covered":0,"skipped":0,"pct":100}}
,"C:\\Users\\intel\\CascadeProjects\\thai-official-prep-api\\src\\subjects\\subjects.module.ts": {"lines":{"total":5,"covered":0,"skipped":0,"pct":0},"functions":{"total":0,"covered":0,"skipped":0,"pct":100},"statements":{"total":7,"covered":0,"skipped":0,"pct":0},"branches":{"total":0,"covered":0,"skipped":0,"pct":100}}
,"C:\\Users\\intel\\CascadeProjects\\thai-official-prep-api\\src\\subjects\\subjects.service.ts": {"lines":{"total":21,"covered":0,"skipped":0,"pct":0},"functions":{"total":6,"covered":0,"skipped":0,"pct":0},"statements":{"total":23,"covered":0,"skipped":0,"pct":0},"branches":{"total":7,"covered":0,"skipped":0,"pct":0}}
,"C:\\Users\\intel\\CascadeProjects\\thai-official-prep-api\\src\\subjects\\dto\\create-subject.dto.ts": {"lines":{"total":3,"covered":0,"skipped":0,"pct":0},"functions":{"total":0,"covered":0,"skipped":0,"pct":100},"statements":{"total":3,"covered":0,"skipped":0,"pct":0},"branches":{"total":0,"covered":0,"skipped":0,"pct":100}}
,"C:\\Users\\intel\\CascadeProjects\\thai-official-prep-api\\src\\subjects\\dto\\update-subject.dto.ts": {"lines":{"total":3,"covered":0,"skipped":0,"pct":0},"functions":{"total":0,"covered":0,"skipped":0,"pct":100},"statements":{"total":3,"covered":0,"skipped":0,"pct":0},"branches":{"total":0,"covered":0,"skipped":0,"pct":100}}
,"C:\\Users\\intel\\CascadeProjects\\thai-official-prep-api\\src\\subjects\\entities\\subject.entity.ts": {"lines":{"total":1,"covered":0,"skipped":0,"pct":0},"functions":{"total":0,"covered":0,"skipped":0,"pct":100},"statements":{"total":1,"covered":0,"skipped":0,"pct":0},"branches":{"total":0,"covered":0,"skipped":0,"pct":100}}
,"C:\\Users\\intel\\CascadeProjects\\thai-official-prep-api\\src\\subscriptions\\subscriptions.controller.ts": {"lines":{"total":7,"covered":0,"skipped":0,"pct":0},"functions":{"total":2,"covered":0,"skipped":0,"pct":0},"statements":{"total":9,"covered":0,"skipped":0,"pct":0},"branches":{"total":0,"covered":0,"skipped":0,"pct":100}}
,"C:\\Users\\intel\\CascadeProjects\\thai-official-prep-api\\src\\subscriptions\\subscriptions.module.ts": {"lines":{"total":6,"covered":0,"skipped":0,"pct":0},"functions":{"total":0,"covered":0,"skipped":0,"pct":100},"statements":{"total":8,"covered":0,"skipped":0,"pct":0},"branches":{"total":0,"covered":0,"skipped":0,"pct":100}}
,"C:\\Users\\intel\\CascadeProjects\\thai-official-prep-api\\src\\subscriptions\\subscriptions.service.ts": {"lines":{"total":20,"covered":0,"skipped":0,"pct":0},"functions":{"total":2,"covered":0,"skipped":0,"pct":0},"statements":{"total":22,"covered":0,"skipped":0,"pct":0},"branches":{"total":6,"covered":0,"skipped":0,"pct":0}}
,"C:\\Users\\intel\\CascadeProjects\\thai-official-prep-api\\src\\subscriptions\\dto\\create-subscription.dto.ts": {"lines":{"total":4,"covered":0,"skipped":0,"pct":0},"functions":{"total":0,"covered":0,"skipped":0,"pct":100},"statements":{"total":4,"covered":0,"skipped":0,"pct":0},"branches":{"total":0,"covered":0,"skipped":0,"pct":100}}
,"C:\\Users\\intel\\CascadeProjects\\thai-official-prep-api\\src\\subscriptions\\dto\\update-subscription.dto.ts": {"lines":{"total":3,"covered":0,"skipped":0,"pct":0},"functions":{"total":0,"covered":0,"skipped":0,"pct":100},"statements":{"total":3,"covered":0,"skipped":0,"pct":0},"branches":{"total":0,"covered":0,"skipped":0,"pct":100}}
,"C:\\Users\\intel\\CascadeProjects\\thai-official-prep-api\\src\\subscriptions\\entities\\subscription.entity.ts": {"lines":{"total":1,"covered":0,"skipped":0,"pct":0},"functions":{"total":0,"covered":0,"skipped":0,"pct":100},"statements":{"total":1,"covered":0,"skipped":0,"pct":0},"branches":{"total":0,"covered":0,"skipped":0,"pct":100}}
,"C:\\Users\\intel\\CascadeProjects\\thai-official-prep-api\\src\\test\\utils\\prisma-mock.ts": {"lines":{"total":1,"covered":1,"skipped":0,"pct":100},"functions":{"total":1,"covered":1,"skipped":0,"pct":100},"statements":{"total":3,"covered":3,"skipped":0,"pct":100},"branches":{"total":0,"covered":0,"skipped":0,"pct":100}}
,"C:\\Users\\intel\\CascadeProjects\\thai-official-prep-api\\src\\users\\users.controller.ts": {"lines":{"total":22,"covered":0,"skipped":0,"pct":0},"functions":{"total":7,"covered":0,"skipped":0,"pct":0},"statements":{"total":24,"covered":0,"skipped":0,"pct":0},"branches":{"total":0,"covered":0,"skipped":0,"pct":100}}
,"C:\\Users\\intel\\CascadeProjects\\thai-official-prep-api\\src\\users\\users.module.ts": {"lines":{"total":7,"covered":0,"skipped":0,"pct":0},"functions":{"total":1,"covered":0,"skipped":0,"pct":0},"statements":{"total":9,"covered":0,"skipped":0,"pct":0},"branches":{"total":0,"covered":0,"skipped":0,"pct":100}}
,"C:\\Users\\intel\\CascadeProjects\\thai-official-prep-api\\src\\users\\users.service.ts": {"lines":{"total":22,"covered":0,"skipped":0,"pct":0},"functions":{"total":7,"covered":0,"skipped":0,"pct":0},"statements":{"total":24,"covered":0,"skipped":0,"pct":0},"branches":{"total":2,"covered":0,"skipped":0,"pct":0}}
,"C:\\Users\\intel\\CascadeProjects\\thai-official-prep-api\\src\\users\\dto\\create-user.dto.ts": {"lines":{"total":8,"covered":0,"skipped":0,"pct":0},"functions":{"total":0,"covered":0,"skipped":0,"pct":100},"statements":{"total":8,"covered":0,"skipped":0,"pct":0},"branches":{"total":0,"covered":0,"skipped":0,"pct":100}}
,"C:\\Users\\intel\\CascadeProjects\\thai-official-prep-api\\src\\users\\dto\\update-user.dto.ts": {"lines":{"total":3,"covered":0,"skipped":0,"pct":0},"functions":{"total":0,"covered":0,"skipped":0,"pct":100},"statements":{"total":3,"covered":0,"skipped":0,"pct":0},"branches":{"total":0,"covered":0,"skipped":0,"pct":100}}
}
